[2026-03-30T08:12:55.602Z] [INFO] Server starting | {"pid":11868,"node":"v24.14.0","cwd":"C:\\Dev\\Personal\\ANAF\\MyFinancialApp"}
[2026-03-30T08:12:55.607Z] [INFO] Server started | {"port":3000,"url":"http://localhost:3000"}
[2026-03-30T08:13:03.374Z] [INFO] GET /api/server-hash
[2026-03-30T08:13:03.466Z] [INFO] GET /api/data
[2026-03-30T08:13:03.469Z] [INFO] GET /api/tax-rates
[2026-03-30T08:13:03.470Z] [INFO] GET /api/stock-withholding
[2026-03-30T08:13:03.550Z] [INFO] GET /api/version
[2026-03-30T08:13:03.588Z] [INFO] GET /api/trades
[2026-03-30T08:13:05.616Z] [INFO] GET /api/server-hash
[2026-03-30T08:13:05.703Z] [INFO] GET /api/data
[2026-03-30T08:13:05.705Z] [INFO] GET /api/tax-rates
[2026-03-30T08:13:05.707Z] [INFO] GET /api/stock-withholding
[2026-03-30T08:13:05.722Z] [INFO] GET /api/version
[2026-03-30T08:13:05.769Z] [INFO] GET /api/trades
[2026-03-30T08:13:13.388Z] [INFO] GET /api/server-hash
[2026-03-30T08:13:23.387Z] [INFO] GET /api/server-hash
[2026-03-30T08:13:33.385Z] [INFO] GET /api/server-hash
[2026-03-30T08:13:43.384Z] [INFO] GET /api/server-hash
[2026-03-30T08:13:53.383Z] [INFO] GET /api/server-hash
[2026-03-30T08:14:03.381Z] [INFO] GET /api/server-hash
[2026-03-30T08:14:13.389Z] [INFO] GET /api/server-hash
[2026-03-30T08:14:23.386Z] [INFO] GET /api/server-hash
[2026-03-30T08:14:33.391Z] [INFO] GET /api/server-hash
[2026-03-30T08:14:43.381Z] [INFO] GET /api/server-hash
[2026-03-30T08:14:53.385Z] [INFO] GET /api/server-hash
[2026-03-30T08:15:03.389Z] [INFO] GET /api/server-hash
[2026-03-30T08:15:13.383Z] [INFO] GET /api/server-hash
[2026-03-30T08:15:23.377Z] [INFO] GET /api/server-hash
[2026-03-30T08:15:33.384Z] [INFO] GET /api/server-hash
[2026-03-30T08:15:43.382Z] [INFO] GET /api/server-hash
[2026-03-30T08:15:53.986Z] [INFO] GET /api/server-hash
[2026-03-30T08:16:03.984Z] [INFO] GET /api/server-hash
[2026-03-30T08:16:13.991Z] [INFO] GET /api/server-hash
[2026-03-30T08:16:23.990Z] [INFO] GET /api/server-hash
[2026-03-30T08:16:33.986Z] [INFO] GET /api/server-hash
[2026-03-30T08:16:43.999Z] [INFO] GET /api/server-hash
[2026-03-30T08:17:09.991Z] [INFO] GET /api/server-hash
[2026-03-30T08:18:09.993Z] [INFO] GET /api/server-hash
[2026-03-30T08:19:09.993Z] [INFO] GET /api/server-hash
[2026-03-30T08:20:09.983Z] [INFO] GET /api/server-hash
[2026-03-30T08:21:09.983Z] [INFO] GET /api/server-hash
[2026-03-30T08:22:09.994Z] [INFO] GET /api/server-hash
[2026-03-30T08:23:09.989Z] [INFO] GET /api/server-hash
[2026-03-30T08:24:10.008Z] [INFO] GET /api/server-hash
[2026-03-30T08:25:09.987Z] [INFO] GET /api/server-hash
[2026-03-30T08:26:09.993Z] [INFO] GET /api/server-hash
[2026-03-30T08:27:09.983Z] [INFO] GET /api/server-hash
[2026-03-30T08:28:09.987Z] [INFO] GET /api/server-hash
[2026-03-30T08:29:09.992Z] [INFO] GET /api/server-hash
[2026-03-30T08:30:09.983Z] [INFO] GET /api/server-hash
[2026-03-30T08:31:09.989Z] [INFO] GET /api/server-hash
[2026-03-30T08:32:09.988Z] [INFO] GET /api/server-hash
[2026-03-30T08:33:09.986Z] [INFO] GET /api/server-hash
[2026-03-30T08:34:09.999Z] [INFO] GET /api/server-hash
[2026-03-30T08:35:09.984Z] [INFO] GET /api/server-hash
[2026-03-30T08:36:09.997Z] [INFO] GET /api/server-hash
[2026-03-30T08:37:09.986Z] [INFO] GET /api/server-hash
[2026-03-30T08:38:09.997Z] [INFO] GET /api/server-hash
[2026-03-30T08:39:09.992Z] [INFO] GET /api/server-hash
[2026-03-30T08:40:09.992Z] [INFO] GET /api/server-hash
[2026-03-30T08:41:09.993Z] [INFO] GET /api/server-hash
[2026-03-30T08:42:09.998Z] [INFO] GET /api/server-hash
[2026-03-30T08:43:09.998Z] [INFO] GET /api/server-hash
[2026-03-30T08:44:09.998Z] [INFO] GET /api/server-hash
[2026-03-30T08:45:09.989Z] [INFO] GET /api/server-hash
[2026-03-30T08:46:09.992Z] [INFO] GET /api/server-hash
[2026-03-30T08:47:09.989Z] [INFO] GET /api/server-hash
[2026-03-30T08:48:09.990Z] [INFO] GET /api/server-hash
[2026-03-30T08:49:09.990Z] [INFO] GET /api/server-hash
[2026-03-30T08:50:09.996Z] [INFO] GET /api/server-hash
[2026-03-30T08:51:09.988Z] [INFO] GET /api/server-hash
[2026-03-30T08:52:09.989Z] [INFO] GET /api/server-hash
[2026-03-30T08:53:09.984Z] [INFO] GET /api/server-hash
[2026-03-30T08:54:09.991Z] [INFO] GET /api/server-hash
[2026-03-30T08:55:10.017Z] [INFO] GET /api/server-hash
[2026-03-30T08:56:09.985Z] [INFO] GET /api/server-hash
[2026-03-30T08:57:09.998Z] [INFO] GET /api/server-hash
[2026-03-30T08:58:00.188Z] [INFO] GET /api/server-hash
[2026-03-30T08:58:03.375Z] [INFO] GET /api/server-hash
[2026-03-30T08:58:13.388Z] [INFO] GET /api/server-hash
[2026-03-30T08:58:23.389Z] [INFO] GET /api/server-hash
[2026-03-30T08:58:33.377Z] [INFO] GET /api/server-hash
[2026-03-30T08:58:43.379Z] [INFO] GET /api/server-hash
[2026-03-30T08:58:53.386Z] [INFO] GET /api/server-hash
[2026-03-30T08:59:03.379Z] [INFO] GET /api/server-hash
[2026-03-30T08:59:13.380Z] [INFO] GET /api/server-hash
[2026-03-30T08:59:23.381Z] [INFO] GET /api/server-hash
[2026-03-30T08:59:33.390Z] [INFO] GET /api/server-hash
[2026-03-30T08:59:43.388Z] [INFO] GET /api/server-hash
[2026-03-30T08:59:53.386Z] [INFO] GET /api/server-hash
[2026-03-30T09:00:03.385Z] [INFO] GET /api/server-hash
[2026-03-30T09:00:13.386Z] [INFO] GET /api/server-hash
[2026-03-30T09:00:23.387Z] [INFO] GET /api/server-hash
[2026-03-30T09:00:33.375Z] [INFO] GET /api/server-hash
[2026-03-30T09:00:43.388Z] [INFO] GET /api/server-hash
[2026-03-30T09:00:53.387Z] [INFO] GET /api/server-hash
[2026-03-30T09:01:03.387Z] [INFO] GET /api/server-hash
[2026-03-30T09:01:13.382Z] [INFO] GET /api/server-hash
[2026-03-30T09:01:23.385Z] [INFO] GET /api/server-hash
[2026-03-30T09:01:33.382Z] [INFO] GET /api/server-hash
[2026-03-30T09:01:43.383Z] [INFO] GET /api/server-hash
[2026-03-30T09:01:53.384Z] [INFO] GET /api/server-hash
[2026-03-30T09:02:03.379Z] [INFO] GET /api/server-hash
[2026-03-30T09:02:13.372Z] [INFO] GET /api/server-hash
[2026-03-30T09:02:23.388Z] [INFO] GET /api/server-hash
[2026-03-30T09:02:33.391Z] [INFO] GET /api/server-hash
[2026-03-30T09:02:43.379Z] [INFO] GET /api/server-hash
[2026-03-30T09:02:53.377Z] [INFO] GET /api/server-hash
[2026-03-30T09:03:03.384Z] [INFO] GET /api/server-hash
[2026-03-30T09:03:13.390Z] [INFO] GET /api/server-hash
[2026-03-30T09:03:23.380Z] [INFO] GET /api/server-hash
[2026-03-30T09:03:33.381Z] [INFO] GET /api/server-hash
[2026-03-30T09:03:43.386Z] [INFO] GET /api/server-hash
[2026-03-30T09:03:53.385Z] [INFO] GET /api/server-hash
[2026-03-30T09:04:03.377Z] [INFO] GET /api/server-hash
[2026-03-30T09:04:13.377Z] [INFO] GET /api/server-hash
[2026-03-30T09:04:23.383Z] [INFO] GET /api/server-hash
[2026-03-30T09:04:33.384Z] [INFO] GET /api/server-hash
[2026-03-30T09:04:43.388Z] [INFO] GET /api/server-hash
[2026-03-30T09:04:53.389Z] [INFO] GET /api/server-hash
[2026-03-30T09:05:03.383Z] [INFO] GET /api/server-hash
[2026-03-30T09:05:13.396Z] [INFO] GET /api/server-hash
[2026-03-30T09:05:23.379Z] [INFO] GET /api/server-hash
[2026-03-30T09:05:33.380Z] [INFO] GET /api/server-hash
[2026-03-30T09:05:43.380Z] [INFO] GET /api/server-hash
[2026-03-30T09:05:53.384Z] [INFO] GET /api/server-hash
[2026-03-30T09:06:03.389Z] [INFO] GET /api/server-hash
[2026-03-30T09:06:13.393Z] [INFO] GET /api/server-hash
[2026-03-30T09:06:23.386Z] [INFO] GET /api/server-hash
[2026-03-30T09:06:33.376Z] [INFO] GET /api/server-hash
[2026-03-30T09:06:43.377Z] [INFO] GET /api/server-hash
[2026-03-30T09:06:53.377Z] [INFO] GET /api/server-hash
[2026-03-30T09:07:03.379Z] [INFO] GET /api/server-hash
[2026-03-30T09:07:13.381Z] [INFO] GET /api/server-hash
[2026-03-30T09:07:23.382Z] [INFO] GET /api/server-hash
[2026-03-30T09:07:33.387Z] [INFO] GET /api/server-hash
[2026-03-30T09:07:43.384Z] [INFO] GET /api/server-hash
[2026-03-30T09:07:53.383Z] [INFO] GET /api/server-hash
[2026-03-30T09:08:03.389Z] [INFO] GET /api/server-hash
[2026-03-30T09:08:13.391Z] [INFO] GET /api/server-hash
[2026-03-30T09:08:23.391Z] [INFO] GET /api/server-hash
[2026-03-30T09:08:33.384Z] [INFO] GET /api/server-hash
[2026-03-30T09:08:43.380Z] [INFO] GET /api/server-hash
[2026-03-30T09:08:53.368Z] [INFO] GET /api/server-hash
[2026-03-30T09:09:03.371Z] [INFO] GET /api/server-hash
[2026-03-30T09:09:13.376Z] [INFO] GET /api/server-hash
[2026-03-30T09:09:23.377Z] [INFO] GET /api/server-hash
[2026-03-30T09:09:33.373Z] [INFO] GET /api/server-hash
[2026-03-30T09:09:43.375Z] [INFO] GET /api/server-hash
[2026-03-30T09:09:53.382Z] [INFO] GET /api/server-hash
[2026-03-30T09:10:03.989Z] [INFO] GET /api/server-hash
[2026-03-30T09:10:13.983Z] [INFO] GET /api/server-hash
[2026-03-30T09:10:23.993Z] [INFO] GET /api/server-hash
[2026-03-30T09:10:33.993Z] [INFO] GET /api/server-hash
[2026-03-30T09:10:43.993Z] [INFO] GET /api/server-hash
[2026-03-30T09:10:53.984Z] [INFO] GET /api/server-hash
[2026-03-30T09:11:09.989Z] [INFO] GET /api/server-hash
[2026-03-30T09:12:09.997Z] [INFO] GET /api/server-hash
[2026-03-30T09:13:09.985Z] [INFO] GET /api/server-hash
[2026-03-30T09:14:09.998Z] [INFO] GET /api/server-hash
[2026-03-30T09:15:09.996Z] [INFO] GET /api/server-hash
[2026-03-30T09:16:09.992Z] [INFO] GET /api/server-hash
[2026-03-30T09:17:09.993Z] [INFO] GET /api/server-hash
[2026-03-30T09:18:09.989Z] [INFO] GET /api/server-hash
[2026-03-30T09:19:09.985Z] [INFO] GET /api/server-hash
[2026-03-30T09:20:09.998Z] [INFO] GET /api/server-hash
[2026-03-30T09:21:09.994Z] [INFO] GET /api/server-hash
[2026-03-30T09:22:09.989Z] [INFO] GET /api/server-hash
[2026-03-30T09:23:09.991Z] [INFO] GET /api/server-hash
[2026-03-30T09:24:09.996Z] [INFO] GET /api/server-hash
[2026-03-30T09:25:09.989Z] [INFO] GET /api/server-hash
[2026-03-30T09:26:09.984Z] [INFO] GET /api/server-hash
[2026-03-30T09:27:09.983Z] [INFO] GET /api/server-hash
[2026-03-30T09:28:09.998Z] [INFO] GET /api/server-hash
[2026-03-30T09:29:09.992Z] [INFO] GET /api/server-hash
[2026-03-30T09:30:10.000Z] [INFO] GET /api/server-hash
[2026-03-30T09:31:09.995Z] [INFO] GET /api/server-hash
[2026-03-30T09:32:09.994Z] [INFO] GET /api/server-hash
[2026-03-30T09:33:09.984Z] [INFO] GET /api/server-hash
[2026-03-30T09:34:09.994Z] [INFO] GET /api/server-hash
[2026-03-30T09:35:09.996Z] [INFO] GET /api/server-hash
[2026-03-30T09:36:10.000Z] [INFO] GET /api/server-hash
[2026-03-30T09:37:09.992Z] [INFO] GET /api/server-hash
[2026-03-30T09:38:09.984Z] [INFO] GET /api/server-hash
[2026-03-30T09:39:09.984Z] [INFO] GET /api/server-hash
[2026-03-30T09:40:09.995Z] [INFO] GET /api/server-hash
[2026-03-30T09:41:09.988Z] [INFO] GET /api/server-hash
[2026-03-30T09:42:09.987Z] [INFO] GET /api/server-hash
[2026-03-30T09:43:10.006Z] [INFO] GET /api/server-hash
[2026-03-30T09:44:09.991Z] [INFO] GET /api/server-hash
[2026-03-30T09:45:09.989Z] [INFO] GET /api/server-hash
[2026-03-30T09:46:10.008Z] [INFO] GET /api/server-hash
[2026-03-30T09:47:09.987Z] [INFO] GET /api/server-hash
[2026-03-30T09:48:09.998Z] [INFO] GET /api/server-hash
[2026-03-30T09:49:09.993Z] [INFO] GET /api/server-hash
[2026-03-30T09:50:09.988Z] [INFO] GET /api/server-hash
[2026-03-30T09:51:09.998Z] [INFO] GET /api/server-hash
[2026-03-30T09:52:09.994Z] [INFO] GET /api/server-hash
[2026-03-30T09:53:09.995Z] [INFO] GET /api/server-hash
[2026-03-30T09:54:09.999Z] [INFO] GET /api/server-hash
[2026-03-30T09:55:09.998Z] [INFO] GET /api/server-hash
[2026-03-30T09:56:10.012Z] [INFO] GET /api/server-hash
[2026-03-30T09:57:09.991Z] [INFO] GET /api/server-hash
[2026-03-30T09:58:09.994Z] [INFO] GET /api/server-hash
[2026-03-30T09:59:09.990Z] [INFO] GET /api/server-hash
[2026-03-30T10:00:10.002Z] [INFO] GET /api/server-hash
[2026-03-30T10:01:09.992Z] [INFO] GET /api/server-hash
[2026-03-30T10:02:09.995Z] [INFO] GET /api/server-hash
[2026-03-30T10:03:09.999Z] [INFO] GET /api/server-hash
[2026-03-30T10:04:09.995Z] [INFO] GET /api/server-hash
[2026-03-30T10:05:09.987Z] [INFO] GET /api/server-hash
[2026-03-30T10:06:09.996Z] [INFO] GET /api/server-hash
[2026-03-30T10:07:09.989Z] [INFO] GET /api/server-hash
[2026-03-30T10:08:09.988Z] [INFO] GET /api/server-hash
[2026-03-30T10:09:09.996Z] [INFO] GET /api/server-hash
[2026-03-30T14:21:28.967Z] [INFO] GET /api/server-hash
[2026-03-30T14:21:33.381Z] [INFO] GET /api/server-hash
[2026-03-30T14:21:43.387Z] [INFO] GET /api/server-hash
[2026-03-30T14:21:53.383Z] [INFO] GET /api/server-hash
[2026-03-30T14:22:03.392Z] [INFO] GET /api/server-hash
[2026-03-30T14:22:13.391Z] [INFO] GET /api/server-hash
[2026-03-30T14:22:23.997Z] [INFO] GET /api/server-hash
[2026-03-30T14:22:33.987Z] [INFO] GET /api/server-hash
[2026-03-30T14:22:43.997Z] [INFO] GET /api/server-hash
[2026-03-30T14:22:53.987Z] [INFO] GET /api/server-hash
[2026-03-30T14:23:03.993Z] [INFO] GET /api/server-hash
[2026-03-30T14:23:13.992Z] [INFO] GET /api/server-hash
[2026-03-30T14:24:09.989Z] [INFO] GET /api/server-hash
[2026-03-30T14:25:09.985Z] [INFO] GET /api/server-hash
[2026-03-30T14:26:09.997Z] [INFO] GET /api/server-hash
[2026-03-30T14:27:09.997Z] [INFO] GET /api/server-hash
[2026-03-30T14:28:09.986Z] [INFO] GET /api/server-hash
[2026-03-30T14:29:09.990Z] [INFO] GET /api/server-hash
[2026-03-30T14:30:09.996Z] [INFO] GET /api/server-hash
[2026-03-30T14:31:09.986Z] [INFO] GET /api/server-hash
[2026-03-30T14:32:09.988Z] [INFO] GET /api/server-hash
[2026-03-30T14:33:09.987Z] [INFO] GET /api/server-hash
[2026-03-30T14:34:09.990Z] [INFO] GET /api/server-hash
[2026-03-30T14:35:09.998Z] [INFO] GET /api/server-hash
[2026-03-30T14:36:09.998Z] [INFO] GET /api/server-hash
[2026-03-30T14:37:09.996Z] [INFO] GET /api/server-hash
[2026-03-30T14:38:09.999Z] [INFO] GET /api/server-hash
[2026-03-30T14:39:09.994Z] [INFO] GET /api/server-hash
[2026-03-30T14:40:09.998Z] [INFO] GET /api/server-hash
[2026-03-30T14:41:09.986Z] [INFO] GET /api/server-hash
[2026-03-30T14:42:09.985Z] [INFO] GET /api/server-hash
[2026-03-30T14:43:09.991Z] [INFO] GET /api/server-hash
[2026-03-30T14:44:09.994Z] [INFO] GET /api/server-hash
[2026-03-30T14:45:09.997Z] [INFO] GET /api/server-hash
[2026-03-30T14:46:09.988Z] [INFO] GET /api/server-hash
[2026-03-30T14:47:09.997Z] [INFO] GET /api/server-hash
[2026-03-30T14:48:09.994Z] [INFO] GET /api/server-hash
[2026-03-30T14:49:09.987Z] [INFO] GET /api/server-hash
[2026-03-30T14:50:09.986Z] [INFO] GET /api/server-hash
[2026-03-30T14:51:09.982Z] [INFO] GET /api/server-hash
[2026-03-30T14:52:09.983Z] [INFO] GET /api/server-hash
[2026-03-30T14:53:09.987Z] [INFO] GET /api/server-hash
[2026-03-30T14:54:09.993Z] [INFO] GET /api/server-hash
[2026-03-30T14:55:09.990Z] [INFO] GET /api/server-hash
[2026-03-30T14:56:09.983Z] [INFO] GET /api/server-hash
[2026-03-30T14:57:10.008Z] [INFO] GET /api/server-hash
[2026-03-30T14:58:09.987Z] [INFO] GET /api/server-hash
[2026-03-30T14:59:09.991Z] [INFO] GET /api/server-hash
[2026-03-30T15:00:09.988Z] [INFO] GET /api/server-hash
[2026-03-30T15:01:09.980Z] [INFO] GET /api/server-hash
[2026-03-30T15:02:09.993Z] [INFO] GET /api/server-hash
[2026-03-30T15:03:09.989Z] [INFO] GET /api/server-hash
[2026-03-30T15:04:09.997Z] [INFO] GET /api/server-hash
[2026-03-30T15:05:09.995Z] [INFO] GET /api/server-hash
[2026-03-30T15:06:09.987Z] [INFO] GET /api/server-hash
[2026-03-30T15:07:09.989Z] [INFO] GET /api/server-hash
[2026-03-30T15:08:09.986Z] [INFO] GET /api/server-hash
[2026-03-30T15:09:09.996Z] [INFO] GET /api/server-hash
[2026-03-30T15:10:09.986Z] [INFO] GET /api/server-hash
[2026-03-30T15:11:09.999Z] [INFO] GET /api/server-hash
[2026-03-30T15:12:09.987Z] [INFO] GET /api/server-hash
[2026-03-30T15:13:09.979Z] [INFO] GET /api/server-hash
[2026-03-30T15:14:10.000Z] [INFO] GET /api/server-hash
[2026-03-30T15:14:47.207Z] [INFO] GET /api/server-hash
