[2026-03-29T14:41:58.495Z] [INFO] Server starting | {"pid":24612,"node":"v24.14.0","cwd":"C:\\Dev\\Personal\\ANAF\\MyFinancialApp"}
[2026-03-29T14:41:58.500Z] [INFO] Server started | {"port":3000,"url":"http://localhost:3000"}
[2026-03-29T14:41:58.509Z] [INFO] GET /api/server-hash
[2026-03-29T14:41:58.514Z] [INFO] GET /api/server-hash
[2026-03-29T14:41:58.597Z] [INFO] GET /api/server-hash
[2026-03-29T14:41:58.639Z] [INFO] GET /api/data
[2026-03-29T14:41:58.641Z] [INFO] GET /api/tax-rates
[2026-03-29T14:41:58.642Z] [INFO] GET /api/stock-withholding
[2026-03-29T14:41:58.674Z] [INFO] GET /api/trades
[2026-03-29T14:42:08.611Z] [INFO] GET /api/server-hash
[2026-03-29T14:42:18.601Z] [INFO] GET /api/server-hash
[2026-03-29T14:42:28.607Z] [INFO] GET /api/server-hash
[2026-03-29T14:42:38.610Z] [INFO] GET /api/server-hash
[2026-03-29T14:42:48.606Z] [INFO] GET /api/server-hash
[2026-03-29T14:42:58.611Z] [INFO] GET /api/server-hash
[2026-03-29T14:43:08.604Z] [INFO] GET /api/server-hash
[2026-03-29T14:43:18.604Z] [INFO] GET /api/server-hash
[2026-03-29T14:43:28.605Z] [INFO] GET /api/server-hash
[2026-03-29T14:43:38.606Z] [INFO] GET /api/server-hash
[2026-03-29T14:43:48.612Z] [INFO] GET /api/server-hash
[2026-03-29T14:43:58.612Z] [INFO] GET /api/server-hash
[2026-03-29T14:44:08.601Z] [INFO] GET /api/server-hash
[2026-03-29T14:44:18.608Z] [INFO] GET /api/server-hash
[2026-03-29T14:44:28.605Z] [INFO] GET /api/server-hash
[2026-03-29T14:44:38.606Z] [INFO] GET /api/server-hash
[2026-03-29T14:44:48.601Z] [INFO] GET /api/server-hash
[2026-03-29T14:44:58.609Z] [INFO] GET /api/server-hash
[2026-03-29T14:45:08.617Z] [INFO] GET /api/server-hash
[2026-03-29T14:45:17.415Z] [INFO] POST /api/restart | {}
[2026-03-29T14:45:17.417Z] [INFO] Server restart requested
[2026-03-29T14:45:17.940Z] [INFO] Process exit with code 0
[2026-03-29T14:45:18.317Z] [INFO] Server starting | {"pid":42532,"node":"v24.14.0","cwd":"C:\\Dev\\Personal\\ANAF\\MyFinancialApp"}
[2026-03-29T14:45:18.321Z] [INFO] Server started | {"port":3000,"url":"http://localhost:3000"}
[2026-03-29T14:45:18.428Z] [INFO] GET /api/server-hash
[2026-03-29T14:45:18.433Z] [INFO] GET /api/server-hash
[2026-03-29T14:45:18.554Z] [INFO] GET /api/server-hash
[2026-03-29T14:45:18.596Z] [INFO] GET /api/data
[2026-03-29T14:45:18.597Z] [INFO] GET /api/tax-rates
[2026-03-29T14:45:18.597Z] [INFO] GET /api/stock-withholding
[2026-03-29T14:45:18.631Z] [INFO] GET /api/trades
[2026-03-29T14:45:28.559Z] [INFO] GET /api/server-hash
[2026-03-29T14:45:38.557Z] [INFO] GET /api/server-hash
[2026-03-29T14:45:40.762Z] [INFO] POST /api/restart | {}
[2026-03-29T14:45:40.764Z] [INFO] Server restart requested
[2026-03-29T14:45:41.296Z] [INFO] Process exit with code 0
[2026-03-29T14:45:41.752Z] [INFO] Server starting | {"pid":44660,"node":"v24.14.0","cwd":"C:\\Dev\\Personal\\ANAF\\MyFinancialApp"}
[2026-03-29T14:45:41.756Z] [INFO] Server started | {"port":3000,"url":"http://localhost:3000"}
[2026-03-29T14:45:41.784Z] [INFO] GET /api/server-hash
[2026-03-29T14:45:41.788Z] [INFO] GET /api/server-hash
[2026-03-29T14:45:41.870Z] [INFO] GET /api/server-hash
[2026-03-29T14:45:41.904Z] [INFO] GET /api/data
[2026-03-29T14:45:41.905Z] [INFO] GET /api/tax-rates
[2026-03-29T14:45:41.911Z] [INFO] GET /api/stock-withholding
[2026-03-29T14:45:41.934Z] [INFO] GET /api/trades
[2026-03-29T14:45:51.886Z] [INFO] GET /api/server-hash
[2026-03-29T14:46:01.872Z] [INFO] GET /api/server-hash
[2026-03-29T14:46:11.887Z] [INFO] GET /api/server-hash
[2026-03-29T14:46:21.882Z] [INFO] GET /api/server-hash
[2026-03-29T14:46:31.889Z] [INFO] GET /api/server-hash
[2026-03-29T14:46:41.878Z] [INFO] GET /api/server-hash
[2026-03-29T14:46:51.879Z] [INFO] GET /api/server-hash
[2026-03-29T14:47:01.890Z] [INFO] GET /api/server-hash
[2026-03-29T14:47:11.872Z] [INFO] GET /api/server-hash
[2026-03-29T14:47:21.873Z] [INFO] GET /api/server-hash
[2026-03-29T14:47:25.972Z] [INFO] POST /api/restart | {}
[2026-03-29T14:47:25.974Z] [INFO] Server restart requested
[2026-03-29T14:47:26.501Z] [INFO] Process exit with code 0
[2026-03-29T14:47:26.842Z] [INFO] Server starting | {"pid":43032,"node":"v24.14.0","cwd":"C:\\Dev\\Personal\\ANAF\\MyFinancialApp"}
[2026-03-29T14:47:26.847Z] [INFO] Server started | {"port":3000,"url":"http://localhost:3000"}
[2026-03-29T14:47:26.983Z] [INFO] GET /api/server-hash
[2026-03-29T14:47:26.988Z] [INFO] GET /api/server-hash
[2026-03-29T14:47:27.063Z] [INFO] GET /api/server-hash
[2026-03-29T14:47:27.100Z] [INFO] GET /api/data
[2026-03-29T14:47:27.105Z] [INFO] GET /api/tax-rates
[2026-03-29T14:47:27.106Z] [INFO] GET /api/stock-withholding
[2026-03-29T14:47:27.129Z] [INFO] GET /api/trades
[2026-03-29T14:47:37.071Z] [INFO] GET /api/server-hash
[2026-03-29T14:47:47.074Z] [INFO] GET /api/server-hash
[2026-03-29T14:47:57.071Z] [INFO] GET /api/server-hash
[2026-03-29T14:48:07.076Z] [INFO] GET /api/server-hash
[2026-03-29T14:48:17.078Z] [INFO] GET /api/server-hash
[2026-03-29T14:48:27.070Z] [INFO] GET /api/server-hash
[2026-03-29T14:48:37.070Z] [INFO] GET /api/server-hash
[2026-03-29T14:48:47.074Z] [INFO] GET /api/server-hash
[2026-03-29T14:48:57.070Z] [INFO] GET /api/server-hash
[2026-03-29T14:49:07.080Z] [INFO] GET /api/server-hash
[2026-03-29T14:49:17.082Z] [INFO] GET /api/server-hash
[2026-03-29T14:49:27.078Z] [INFO] GET /api/server-hash
[2026-03-29T14:49:37.076Z] [INFO] GET /api/server-hash
[2026-03-29T14:49:47.067Z] [INFO] GET /api/server-hash
[2026-03-29T14:49:57.080Z] [INFO] GET /api/server-hash
[2026-03-29T14:50:07.073Z] [INFO] GET /api/server-hash
[2026-03-29T14:50:17.072Z] [INFO] GET /api/server-hash
[2026-03-29T14:50:27.075Z] [INFO] GET /api/server-hash
[2026-03-29T14:50:37.068Z] [INFO] GET /api/server-hash
[2026-03-29T14:50:47.072Z] [INFO] GET /api/server-hash
[2026-03-29T14:50:57.075Z] [INFO] GET /api/server-hash
[2026-03-29T14:51:07.081Z] [INFO] GET /api/server-hash
[2026-03-29T14:51:17.079Z] [INFO] GET /api/server-hash
[2026-03-29T14:51:27.069Z] [INFO] GET /api/server-hash
[2026-03-29T14:51:37.077Z] [INFO] GET /api/server-hash
[2026-03-29T14:51:47.074Z] [INFO] GET /api/server-hash
[2026-03-29T14:51:57.081Z] [INFO] GET /api/server-hash
[2026-03-29T14:52:07.071Z] [INFO] GET /api/server-hash
[2026-03-29T14:52:17.080Z] [INFO] GET /api/server-hash
[2026-03-29T14:52:27.077Z] [INFO] GET /api/server-hash
[2026-03-29T14:52:37.072Z] [INFO] GET /api/server-hash
[2026-03-29T14:52:47.068Z] [INFO] GET /api/server-hash
[2026-03-29T14:52:57.066Z] [INFO] GET /api/server-hash
[2026-03-29T14:53:07.073Z] [INFO] GET /api/server-hash
[2026-03-29T14:53:17.078Z] [INFO] GET /api/server-hash
[2026-03-29T14:53:27.070Z] [INFO] GET /api/server-hash
[2026-03-29T14:53:37.074Z] [INFO] GET /api/server-hash
[2026-03-29T14:53:47.069Z] [INFO] GET /api/server-hash
[2026-03-29T14:53:57.077Z] [INFO] GET /api/server-hash
[2026-03-29T14:54:07.077Z] [INFO] GET /api/server-hash
[2026-03-29T14:54:17.071Z] [INFO] GET /api/server-hash
[2026-03-29T14:54:27.070Z] [INFO] GET /api/server-hash
[2026-03-29T14:54:37.082Z] [INFO] GET /api/server-hash
[2026-03-29T14:54:47.073Z] [INFO] GET /api/server-hash
[2026-03-29T14:54:57.081Z] [INFO] GET /api/server-hash
[2026-03-29T14:55:07.083Z] [INFO] GET /api/server-hash
[2026-03-29T14:55:17.081Z] [INFO] GET /api/server-hash
[2026-03-29T14:55:27.066Z] [INFO] GET /api/server-hash
[2026-03-29T14:55:37.078Z] [INFO] GET /api/server-hash
[2026-03-29T14:55:47.076Z] [INFO] GET /api/server-hash
[2026-03-29T14:55:57.072Z] [INFO] GET /api/server-hash
[2026-03-29T14:56:07.067Z] [INFO] GET /api/server-hash
[2026-03-29T14:56:17.081Z] [INFO] GET /api/server-hash
[2026-03-29T14:56:27.072Z] [INFO] GET /api/server-hash
[2026-03-29T14:56:37.077Z] [INFO] GET /api/server-hash
[2026-03-29T14:56:47.071Z] [INFO] GET /api/server-hash
[2026-03-29T14:56:57.071Z] [INFO] GET /api/server-hash
[2026-03-29T14:57:07.080Z] [INFO] GET /api/server-hash
[2026-03-29T14:57:17.077Z] [INFO] GET /api/server-hash
[2026-03-29T14:57:27.069Z] [INFO] GET /api/server-hash
[2026-03-29T14:57:37.069Z] [INFO] GET /api/server-hash
[2026-03-29T14:57:47.080Z] [INFO] GET /api/server-hash
[2026-03-29T14:57:57.080Z] [INFO] GET /api/server-hash
[2026-03-29T14:58:07.071Z] [INFO] GET /api/server-hash
[2026-03-29T14:58:17.081Z] [INFO] GET /api/server-hash
[2026-03-29T14:58:27.080Z] [INFO] GET /api/server-hash
[2026-03-29T14:58:37.070Z] [INFO] GET /api/server-hash
[2026-03-29T14:58:47.081Z] [INFO] GET /api/server-hash
[2026-03-29T14:58:57.079Z] [INFO] GET /api/server-hash
[2026-03-29T14:59:07.071Z] [INFO] GET /api/server-hash
[2026-03-29T14:59:17.072Z] [INFO] GET /api/server-hash
[2026-03-29T14:59:27.071Z] [INFO] GET /api/server-hash
[2026-03-29T14:59:37.071Z] [INFO] GET /api/server-hash
[2026-03-29T14:59:47.076Z] [INFO] GET /api/server-hash
[2026-03-29T14:59:57.071Z] [INFO] GET /api/server-hash
[2026-03-29T15:00:07.078Z] [INFO] GET /api/server-hash
[2026-03-29T15:00:17.075Z] [INFO] GET /api/server-hash
[2026-03-29T15:00:27.066Z] [INFO] GET /api/server-hash
[2026-03-29T15:00:37.069Z] [INFO] GET /api/server-hash
[2026-03-29T15:00:47.079Z] [INFO] GET /api/server-hash
[2026-03-29T15:00:57.079Z] [INFO] GET /api/server-hash
[2026-03-29T15:01:07.066Z] [INFO] GET /api/server-hash
[2026-03-29T15:01:17.070Z] [INFO] GET /api/server-hash
[2026-03-29T15:01:27.085Z] [INFO] GET /api/server-hash
[2026-03-29T15:01:37.079Z] [INFO] GET /api/server-hash
[2026-03-29T15:01:47.073Z] [INFO] GET /api/server-hash
[2026-03-29T15:01:57.078Z] [INFO] GET /api/server-hash
[2026-03-29T15:02:07.069Z] [INFO] GET /api/server-hash
[2026-03-29T15:02:17.079Z] [INFO] GET /api/server-hash
[2026-03-29T15:02:27.065Z] [INFO] GET /api/server-hash
[2026-03-29T15:02:37.072Z] [INFO] GET /api/server-hash
[2026-03-29T15:02:47.310Z] [INFO] GET /api/server-hash
[2026-03-29T15:02:57.307Z] [INFO] GET /api/server-hash
[2026-03-29T15:03:07.318Z] [INFO] GET /api/server-hash
[2026-03-29T15:03:17.309Z] [INFO] GET /api/server-hash
[2026-03-29T15:03:27.302Z] [INFO] GET /api/server-hash
[2026-03-29T15:03:37.312Z] [INFO] GET /api/server-hash
[2026-03-29T15:03:47.307Z] [INFO] GET /api/server-hash
[2026-03-29T15:04:12.319Z] [INFO] GET /api/server-hash
[2026-03-29T15:05:12.317Z] [INFO] GET /api/server-hash
[2026-03-29T15:06:12.318Z] [INFO] GET /api/server-hash
[2026-03-29T15:07:12.316Z] [INFO] GET /api/server-hash
[2026-03-29T15:08:12.312Z] [INFO] GET /api/server-hash
[2026-03-29T15:09:12.311Z] [INFO] GET /api/server-hash
[2026-03-29T15:10:12.305Z] [INFO] GET /api/server-hash
[2026-03-29T15:11:12.315Z] [INFO] GET /api/server-hash
[2026-03-29T15:12:12.312Z] [INFO] GET /api/server-hash
[2026-03-29T15:13:12.312Z] [INFO] GET /api/server-hash
[2026-03-29T15:14:12.307Z] [INFO] GET /api/server-hash
[2026-03-29T15:15:12.303Z] [INFO] GET /api/server-hash
[2026-03-29T15:15:46.790Z] [INFO] GET /api/server-hash
[2026-03-29T15:15:57.300Z] [INFO] GET /api/server-hash
[2026-03-29T15:16:07.308Z] [INFO] GET /api/server-hash
[2026-03-29T15:16:17.311Z] [INFO] GET /api/server-hash
[2026-03-29T15:16:27.300Z] [INFO] GET /api/server-hash
[2026-03-29T15:16:37.298Z] [INFO] GET /api/server-hash
[2026-03-29T15:16:47.304Z] [INFO] GET /api/server-hash
[2026-03-29T15:17:12.316Z] [INFO] GET /api/server-hash
[2026-03-29T15:17:27.420Z] [INFO] GET /api/server-hash
[2026-03-29T15:17:37.068Z] [INFO] GET /api/server-hash
[2026-03-29T15:17:47.076Z] [INFO] GET /api/server-hash
[2026-03-29T15:17:57.076Z] [INFO] GET /api/server-hash
[2026-03-29T15:18:07.079Z] [INFO] GET /api/server-hash
[2026-03-29T15:18:17.084Z] [INFO] GET /api/server-hash
[2026-03-29T15:18:27.067Z] [INFO] GET /api/server-hash
[2026-03-29T15:18:37.072Z] [INFO] GET /api/server-hash
[2026-03-29T15:18:47.074Z] [INFO] GET /api/server-hash
[2026-03-29T15:18:57.075Z] [INFO] GET /api/server-hash
[2026-03-29T15:19:07.062Z] [INFO] GET /api/server-hash
[2026-03-29T15:19:17.072Z] [INFO] GET /api/server-hash
[2026-03-29T15:19:27.066Z] [INFO] GET /api/server-hash
[2026-03-29T15:19:37.069Z] [INFO] GET /api/server-hash
[2026-03-29T15:19:47.074Z] [INFO] GET /api/server-hash
[2026-03-29T15:19:57.071Z] [INFO] GET /api/server-hash
[2026-03-29T15:20:07.071Z] [INFO] GET /api/server-hash
[2026-03-29T15:20:17.065Z] [INFO] GET /api/server-hash
[2026-03-29T15:20:27.070Z] [INFO] GET /api/server-hash
[2026-03-29T15:20:37.067Z] [INFO] GET /api/server-hash
[2026-03-29T15:20:47.070Z] [INFO] GET /api/server-hash
[2026-03-29T15:20:57.076Z] [INFO] GET /api/server-hash
[2026-03-29T15:21:07.063Z] [INFO] GET /api/server-hash
[2026-03-29T15:21:17.073Z] [INFO] GET /api/server-hash
[2026-03-29T15:21:27.067Z] [INFO] GET /api/server-hash
[2026-03-29T15:21:37.067Z] [INFO] GET /api/server-hash
[2026-03-29T15:21:47.077Z] [INFO] GET /api/server-hash
[2026-03-29T15:21:57.080Z] [INFO] GET /api/server-hash
[2026-03-29T15:22:07.072Z] [INFO] GET /api/server-hash
[2026-03-29T15:22:17.072Z] [INFO] GET /api/server-hash
[2026-03-29T15:22:27.070Z] [INFO] GET /api/server-hash
[2026-03-29T15:22:37.071Z] [INFO] GET /api/server-hash
[2026-03-29T15:22:47.075Z] [INFO] GET /api/server-hash
[2026-03-29T15:22:57.078Z] [INFO] GET /api/server-hash
[2026-03-29T15:23:07.067Z] [INFO] GET /api/server-hash
[2026-03-29T15:23:17.069Z] [INFO] GET /api/server-hash
[2026-03-29T15:23:27.071Z] [INFO] GET /api/server-hash
[2026-03-29T15:23:37.076Z] [INFO] GET /api/server-hash
[2026-03-29T15:23:47.064Z] [INFO] GET /api/server-hash
[2026-03-29T15:23:57.069Z] [INFO] GET /api/server-hash
[2026-03-29T15:24:07.067Z] [INFO] GET /api/server-hash
[2026-03-29T15:24:17.072Z] [INFO] GET /api/server-hash
[2026-03-29T15:24:27.071Z] [INFO] GET /api/server-hash
[2026-03-29T15:24:37.076Z] [INFO] GET /api/server-hash
[2026-03-29T15:24:47.077Z] [INFO] GET /api/server-hash
[2026-03-29T15:24:57.081Z] [INFO] GET /api/server-hash
[2026-03-29T15:25:07.062Z] [INFO] GET /api/server-hash
[2026-03-29T15:25:17.063Z] [INFO] GET /api/server-hash
[2026-03-29T15:25:27.077Z] [INFO] GET /api/server-hash
[2026-03-29T15:25:37.067Z] [INFO] GET /api/server-hash
[2026-03-29T15:25:47.063Z] [INFO] GET /api/server-hash
[2026-03-29T15:25:57.074Z] [INFO] GET /api/server-hash
[2026-03-29T15:26:07.063Z] [INFO] GET /api/server-hash
[2026-03-29T15:26:17.065Z] [INFO] GET /api/server-hash
[2026-03-29T15:26:27.070Z] [INFO] GET /api/server-hash
[2026-03-29T15:26:37.076Z] [INFO] GET /api/server-hash
[2026-03-29T15:26:47.068Z] [INFO] GET /api/server-hash
[2026-03-29T15:26:57.070Z] [INFO] GET /api/server-hash
[2026-03-29T15:27:07.064Z] [INFO] GET /api/server-hash
[2026-03-29T15:27:17.070Z] [INFO] GET /api/server-hash
[2026-03-29T15:27:27.068Z] [INFO] GET /api/server-hash
[2026-03-29T15:27:37.069Z] [INFO] GET /api/server-hash
[2026-03-29T15:27:47.076Z] [INFO] GET /api/server-hash
[2026-03-29T15:27:57.078Z] [INFO] GET /api/server-hash
[2026-03-29T15:28:07.079Z] [INFO] GET /api/server-hash
[2026-03-29T15:28:17.073Z] [INFO] GET /api/server-hash
[2026-03-29T15:28:27.073Z] [INFO] GET /api/server-hash
[2026-03-29T15:28:37.075Z] [INFO] GET /api/server-hash
[2026-03-29T15:28:47.073Z] [INFO] GET /api/server-hash
[2026-03-29T15:28:57.094Z] [INFO] GET /api/server-hash
[2026-03-29T15:29:07.074Z] [INFO] GET /api/server-hash
[2026-03-29T15:29:17.075Z] [INFO] GET /api/server-hash
[2026-03-29T15:29:25.076Z] [INFO] GET /api/server-hash
[2026-03-29T15:29:25.203Z] [INFO] GET /api/data
[2026-03-29T15:29:25.204Z] [INFO] GET /api/tax-rates
[2026-03-29T15:29:25.206Z] [INFO] GET /api/stock-withholding
[2026-03-29T15:29:25.270Z] [INFO] GET /api/trades
[2026-03-29T15:29:35.084Z] [INFO] GET /api/server-hash
[2026-03-29T15:29:45.084Z] [INFO] GET /api/server-hash
[2026-03-29T15:29:51.077Z] [INFO] GET /api/server-hash
[2026-03-29T15:29:51.123Z] [INFO] GET /api/data
[2026-03-29T15:29:51.125Z] [INFO] GET /api/tax-rates
[2026-03-29T15:29:51.126Z] [INFO] GET /api/stock-withholding
[2026-03-29T15:29:51.161Z] [INFO] GET /api/trades
[2026-03-29T15:30:01.079Z] [INFO] GET /api/server-hash
[2026-03-29T15:30:11.084Z] [INFO] GET /api/server-hash
[2026-03-29T15:30:21.079Z] [INFO] GET /api/server-hash
[2026-03-29T15:30:31.091Z] [INFO] GET /api/server-hash
[2026-03-29T15:30:33.312Z] [INFO] GET /api/server-hash
[2026-03-29T15:30:33.363Z] [INFO] GET /api/data
[2026-03-29T15:30:33.365Z] [INFO] GET /api/tax-rates
[2026-03-29T15:30:33.366Z] [INFO] GET /api/stock-withholding
[2026-03-29T15:30:33.402Z] [INFO] GET /api/trades
[2026-03-29T15:30:40.040Z] [INFO] GET /api/raw
[2026-03-29T15:30:43.314Z] [INFO] GET /api/server-hash
[2026-03-29T15:30:53.319Z] [INFO] GET /api/server-hash
[2026-03-29T15:31:00.804Z] [INFO] GET /api/server-hash
[2026-03-29T15:31:00.845Z] [INFO] GET /api/data
[2026-03-29T15:31:00.846Z] [INFO] GET /api/tax-rates
[2026-03-29T15:31:00.853Z] [INFO] GET /api/stock-withholding
[2026-03-29T15:31:00.880Z] [INFO] GET /api/trades
[2026-03-29T15:31:06.936Z] [INFO] POST /api/restart | {}
[2026-03-29T15:31:06.938Z] [INFO] Server restart requested
[2026-03-29T15:31:07.463Z] [INFO] Process exit with code 0
[2026-03-29T15:31:22.913Z] [INFO] Server starting | {"pid":34092,"node":"v24.14.0","cwd":"C:\\Dev\\Personal\\ANAF\\MyFinancialApp"}
[2026-03-29T15:31:22.919Z] [INFO] Server started | {"port":3000,"url":"http://localhost:3000"}
[2026-03-29T15:31:22.951Z] [INFO] GET /api/server-hash
[2026-03-29T15:31:22.958Z] [INFO] GET /api/server-hash
[2026-03-29T15:31:22.960Z] [INFO] GET /api/server-hash
[2026-03-29T15:31:22.966Z] [INFO] GET /api/server-hash
[2026-03-29T15:31:22.973Z] [INFO] GET /api/server-hash
[2026-03-29T15:31:23.153Z] [INFO] GET /api/server-hash
[2026-03-29T15:31:23.189Z] [INFO] GET /api/data
[2026-03-29T15:31:23.190Z] [INFO] GET /api/tax-rates
[2026-03-29T15:31:23.190Z] [INFO] GET /api/stock-withholding
[2026-03-29T15:31:23.223Z] [INFO] GET /api/trades
[2026-03-29T15:31:33.160Z] [INFO] GET /api/server-hash
[2026-03-29T15:31:43.154Z] [INFO] GET /api/server-hash
[2026-03-29T15:31:53.168Z] [INFO] GET /api/server-hash
[2026-03-29T15:32:03.157Z] [INFO] GET /api/server-hash
[2026-03-29T15:32:13.157Z] [INFO] GET /api/server-hash
[2026-03-29T15:32:23.161Z] [INFO] GET /api/server-hash
[2026-03-29T15:32:33.157Z] [INFO] GET /api/server-hash
[2026-03-29T15:32:35.478Z] [INFO] POST /api/restart | {}
[2026-03-29T15:32:35.480Z] [INFO] Server restart requested
[2026-03-29T15:32:35.999Z] [INFO] Process exit with code 0
[2026-03-29T15:32:36.393Z] [INFO] Server starting | {"pid":32844,"node":"v24.14.0","cwd":"C:\\Dev\\Personal\\ANAF\\MyFinancialApp"}
[2026-03-29T15:32:36.398Z] [INFO] Server started | {"port":3000,"url":"http://localhost:3000"}
[2026-03-29T15:32:36.498Z] [INFO] GET /api/server-hash
[2026-03-29T15:32:36.503Z] [INFO] GET /api/server-hash
[2026-03-29T15:32:36.662Z] [INFO] GET /api/server-hash
[2026-03-29T15:32:36.702Z] [INFO] GET /api/data
[2026-03-29T15:32:36.704Z] [INFO] GET /api/tax-rates
[2026-03-29T15:32:36.708Z] [INFO] GET /api/stock-withholding
[2026-03-29T15:32:36.735Z] [INFO] GET /api/trades
[2026-03-29T15:32:46.669Z] [INFO] GET /api/server-hash
[2026-03-29T15:32:48.296Z] [INFO] POST /api/restart | {}
[2026-03-29T15:32:48.298Z] [INFO] Server restart requested
[2026-03-29T15:32:48.801Z] [INFO] GET /api/server-hash
[2026-03-29T15:32:48.814Z] [INFO] Process exit with code 0
[2026-03-29T15:32:49.172Z] [INFO] Server starting | {"pid":41104,"node":"v24.14.0","cwd":"C:\\Dev\\Personal\\ANAF\\MyFinancialApp"}
[2026-03-29T15:32:49.177Z] [INFO] Server started | {"port":3000,"url":"http://localhost:3000"}
[2026-03-29T15:32:49.310Z] [INFO] GET /api/server-hash
[2026-03-29T15:32:49.316Z] [INFO] GET /api/server-hash
[2026-03-29T15:32:49.438Z] [INFO] GET /api/server-hash
[2026-03-29T15:32:49.477Z] [INFO] GET /api/data
[2026-03-29T15:32:49.479Z] [INFO] GET /api/tax-rates
[2026-03-29T15:32:49.480Z] [INFO] GET /api/stock-withholding
[2026-03-29T15:32:49.507Z] [INFO] GET /api/trades
[2026-03-29T15:32:55.542Z] [INFO] GET /api/server-hash
[2026-03-29T15:32:55.578Z] [INFO] GET /api/data
[2026-03-29T15:32:55.580Z] [INFO] GET /api/tax-rates
[2026-03-29T15:32:55.581Z] [INFO] GET /api/stock-withholding
[2026-03-29T15:32:55.608Z] [INFO] GET /api/trades
[2026-03-29T15:32:57.264Z] [INFO] GET /api/server-hash
[2026-03-29T15:32:57.292Z] [INFO] GET /api/data
[2026-03-29T15:32:57.307Z] [INFO] GET /api/tax-rates
[2026-03-29T15:32:57.309Z] [INFO] GET /api/stock-withholding
[2026-03-29T15:32:57.329Z] [INFO] GET /api/trades
[2026-03-29T15:33:05.646Z] [INFO] GET /api/server-hash
[2026-03-29T15:33:05.697Z] [INFO] GET /api/data
[2026-03-29T15:33:05.699Z] [INFO] GET /api/tax-rates
[2026-03-29T15:33:05.700Z] [INFO] GET /api/stock-withholding
[2026-03-29T15:33:05.746Z] [INFO] GET /api/trades
[2026-03-29T15:33:15.656Z] [INFO] GET /api/server-hash
[2026-03-29T15:33:19.729Z] [INFO] GET /api/server-hash
[2026-03-29T15:33:19.767Z] [INFO] GET /api/data
[2026-03-29T15:33:19.769Z] [INFO] GET /api/tax-rates
[2026-03-29T15:33:19.770Z] [INFO] GET /api/stock-withholding
[2026-03-29T15:33:19.802Z] [INFO] GET /api/trades
[2026-03-29T15:33:23.040Z] [INFO] GET /api/server-hash
[2026-03-29T15:33:23.072Z] [INFO] GET /api/data
[2026-03-29T15:33:23.073Z] [INFO] GET /api/tax-rates
[2026-03-29T15:33:23.075Z] [INFO] GET /api/stock-withholding
[2026-03-29T15:33:23.105Z] [INFO] GET /api/trades
[2026-03-29T15:33:26.013Z] [INFO] GET /api/server-hash
[2026-03-29T15:33:26.047Z] [INFO] GET /api/data
[2026-03-29T15:33:26.049Z] [INFO] GET /api/tax-rates
[2026-03-29T15:33:26.050Z] [INFO] GET /api/stock-withholding
[2026-03-29T15:33:26.080Z] [INFO] GET /api/trades
[2026-03-29T15:33:29.726Z] [INFO] GET /api/server-hash
[2026-03-29T15:33:29.757Z] [INFO] GET /api/data
[2026-03-29T15:33:29.758Z] [INFO] GET /api/tax-rates
[2026-03-29T15:33:29.760Z] [INFO] GET /api/stock-withholding
[2026-03-29T15:33:29.785Z] [INFO] GET /api/trades
[2026-03-29T15:33:32.263Z] [INFO] GET /api/server-hash
[2026-03-29T15:33:32.321Z] [INFO] GET /api/data
[2026-03-29T15:33:32.322Z] [INFO] GET /api/tax-rates
[2026-03-29T15:33:32.324Z] [INFO] GET /api/stock-withholding
[2026-03-29T15:33:32.371Z] [INFO] GET /api/trades
[2026-03-29T15:33:36.704Z] [INFO] GET /api/server-hash
[2026-03-29T15:33:36.737Z] [INFO] GET /api/data
[2026-03-29T15:33:36.738Z] [INFO] GET /api/tax-rates
[2026-03-29T15:33:36.739Z] [INFO] GET /api/stock-withholding
[2026-03-29T15:33:36.769Z] [INFO] GET /api/trades
[2026-03-29T15:33:38.317Z] [INFO] GET /api/server-hash
[2026-03-29T15:33:38.347Z] [INFO] GET /api/data
[2026-03-29T15:33:38.349Z] [INFO] GET /api/tax-rates
[2026-03-29T15:33:38.350Z] [INFO] GET /api/stock-withholding
[2026-03-29T15:33:38.376Z] [INFO] GET /api/trades
[2026-03-29T15:33:45.919Z] [INFO] POST /api/restart | {}
[2026-03-29T15:33:45.920Z] [INFO] Server restart requested
[2026-03-29T15:33:46.446Z] [INFO] Process exit with code 0
[2026-03-29T15:33:46.800Z] [INFO] Server starting | {"pid":45196,"node":"v24.14.0","cwd":"C:\\Dev\\Personal\\ANAF\\MyFinancialApp"}
[2026-03-29T15:33:46.804Z] [INFO] Server started | {"port":3000,"url":"http://localhost:3000"}
[2026-03-29T15:33:46.924Z] [INFO] GET /api/server-hash
[2026-03-29T15:33:46.929Z] [INFO] GET /api/server-hash
[2026-03-29T15:33:47.002Z] [INFO] GET /api/server-hash
[2026-03-29T15:33:47.035Z] [INFO] GET /api/data
[2026-03-29T15:33:47.037Z] [INFO] GET /api/tax-rates
[2026-03-29T15:33:47.037Z] [INFO] GET /api/stock-withholding
[2026-03-29T15:33:47.067Z] [INFO] GET /api/trades
[2026-03-29T15:33:57.015Z] [INFO] GET /api/server-hash
[2026-03-29T15:34:07.016Z] [INFO] GET /api/server-hash
[2026-03-29T15:34:17.016Z] [INFO] GET /api/server-hash
[2026-03-29T15:34:27.005Z] [INFO] GET /api/server-hash
[2026-03-29T15:34:37.018Z] [INFO] GET /api/server-hash
[2026-03-29T15:34:47.013Z] [INFO] GET /api/server-hash
[2026-03-29T15:34:57.016Z] [INFO] GET /api/server-hash
[2026-03-29T15:35:07.009Z] [INFO] GET /api/server-hash
[2026-03-29T15:35:17.016Z] [INFO] GET /api/server-hash
[2026-03-29T15:35:27.011Z] [INFO] GET /api/server-hash
[2026-03-29T15:35:37.012Z] [INFO] GET /api/server-hash
[2026-03-29T15:35:47.017Z] [INFO] GET /api/server-hash
[2026-03-29T15:35:57.016Z] [INFO] GET /api/server-hash
[2026-03-29T15:36:07.009Z] [INFO] GET /api/server-hash
[2026-03-29T15:36:17.005Z] [INFO] GET /api/server-hash
[2026-03-29T15:36:27.007Z] [INFO] GET /api/server-hash
[2026-03-29T15:36:37.011Z] [INFO] GET /api/server-hash
[2026-03-29T15:36:47.013Z] [INFO] GET /api/server-hash
[2026-03-29T15:36:57.016Z] [INFO] GET /api/server-hash
[2026-03-29T15:37:07.006Z] [INFO] GET /api/server-hash
[2026-03-29T15:37:17.005Z] [INFO] GET /api/server-hash
[2026-03-29T15:37:27.023Z] [INFO] GET /api/server-hash
[2026-03-29T15:37:37.018Z] [INFO] GET /api/server-hash
[2026-03-29T15:37:47.008Z] [INFO] GET /api/server-hash
[2026-03-29T15:37:57.011Z] [INFO] GET /api/server-hash
[2026-03-29T15:38:07.017Z] [INFO] GET /api/server-hash
[2026-03-29T15:38:17.015Z] [INFO] GET /api/server-hash
[2026-03-29T15:38:27.007Z] [INFO] GET /api/server-hash
[2026-03-29T15:38:37.008Z] [INFO] GET /api/server-hash
[2026-03-29T15:38:47.018Z] [INFO] GET /api/server-hash
[2026-03-29T15:38:57.003Z] [INFO] GET /api/server-hash
[2026-03-29T15:39:07.004Z] [INFO] GET /api/server-hash
[2026-03-29T15:39:17.007Z] [INFO] GET /api/server-hash
[2026-03-29T15:39:27.006Z] [INFO] GET /api/server-hash
[2026-03-29T15:39:37.008Z] [INFO] GET /api/server-hash
[2026-03-29T15:39:47.008Z] [INFO] GET /api/server-hash
[2026-03-29T15:39:57.007Z] [INFO] GET /api/server-hash
[2026-03-29T15:40:07.017Z] [INFO] GET /api/server-hash
[2026-03-29T15:40:17.020Z] [INFO] GET /api/server-hash
[2026-03-29T15:40:27.008Z] [INFO] GET /api/server-hash
[2026-03-29T15:40:37.011Z] [INFO] GET /api/server-hash
[2026-03-29T15:40:47.020Z] [INFO] GET /api/server-hash
[2026-03-29T15:40:57.009Z] [INFO] GET /api/server-hash
[2026-03-29T15:41:07.010Z] [INFO] GET /api/server-hash
[2026-03-29T15:41:17.013Z] [INFO] GET /api/server-hash
[2026-03-29T15:41:27.018Z] [INFO] GET /api/server-hash
[2026-03-29T15:41:37.005Z] [INFO] GET /api/server-hash
[2026-03-29T15:41:47.008Z] [INFO] GET /api/server-hash
[2026-03-29T15:41:57.014Z] [INFO] GET /api/server-hash
[2026-03-29T15:42:07.008Z] [INFO] GET /api/server-hash
[2026-03-29T15:42:17.011Z] [INFO] GET /api/server-hash
[2026-03-29T15:42:27.018Z] [INFO] GET /api/server-hash
[2026-03-29T15:42:37.021Z] [INFO] GET /api/server-hash
[2026-03-29T15:42:47.013Z] [INFO] GET /api/server-hash
[2026-03-29T15:42:57.009Z] [INFO] GET /api/server-hash
[2026-03-29T15:43:07.010Z] [INFO] GET /api/server-hash
[2026-03-29T15:43:17.013Z] [INFO] GET /api/server-hash
[2026-03-29T15:43:25.761Z] [INFO] GET /api/server-hash
[2026-03-29T15:43:25.808Z] [INFO] GET /api/data
[2026-03-29T15:43:25.810Z] [INFO] GET /api/tax-rates
[2026-03-29T15:43:25.812Z] [INFO] GET /api/stock-withholding
[2026-03-29T15:43:25.844Z] [INFO] GET /api/trades
[2026-03-29T15:43:31.813Z] [INFO] POST /api/restart | {}
[2026-03-29T15:43:31.815Z] [INFO] Server restart requested
[2026-03-29T15:43:32.337Z] [INFO] Process exit with code 0
[2026-03-29T15:43:32.712Z] [INFO] Server starting | {"pid":4356,"node":"v24.14.0","cwd":"C:\\Dev\\Personal\\ANAF\\MyFinancialApp"}
[2026-03-29T15:43:32.716Z] [INFO] Server started | {"port":3000,"url":"http://localhost:3000"}
[2026-03-29T15:43:32.824Z] [INFO] GET /api/server-hash
[2026-03-29T15:43:32.828Z] [INFO] GET /api/server-hash
[2026-03-29T15:43:32.903Z] [INFO] GET /api/server-hash
[2026-03-29T15:43:32.936Z] [INFO] GET /api/data
[2026-03-29T15:43:32.941Z] [INFO] GET /api/tax-rates
[2026-03-29T15:43:32.942Z] [INFO] GET /api/stock-withholding
[2026-03-29T15:43:32.965Z] [INFO] GET /api/trades
[2026-03-29T15:43:42.905Z] [INFO] GET /api/server-hash
[2026-03-29T15:43:52.908Z] [INFO] GET /api/server-hash
[2026-03-29T15:44:02.908Z] [INFO] GET /api/server-hash
[2026-03-29T15:44:12.914Z] [INFO] GET /api/server-hash
[2026-03-29T15:44:22.906Z] [INFO] GET /api/server-hash
[2026-03-29T15:44:32.914Z] [INFO] GET /api/server-hash
[2026-03-29T15:44:42.907Z] [INFO] GET /api/server-hash
[2026-03-29T15:44:52.903Z] [INFO] GET /api/server-hash
[2026-03-29T15:45:02.918Z] [INFO] GET /api/server-hash
[2026-03-29T15:45:12.916Z] [INFO] GET /api/server-hash
[2026-03-29T15:45:22.902Z] [INFO] GET /api/server-hash
[2026-03-29T15:45:32.902Z] [INFO] GET /api/server-hash
[2026-03-29T15:45:42.910Z] [INFO] GET /api/server-hash
[2026-03-29T15:45:52.906Z] [INFO] GET /api/server-hash
[2026-03-29T15:46:02.915Z] [INFO] GET /api/server-hash
[2026-03-29T15:46:12.904Z] [INFO] GET /api/server-hash
[2026-03-29T15:46:22.905Z] [INFO] GET /api/server-hash
[2026-03-29T15:46:32.907Z] [INFO] GET /api/server-hash
[2026-03-29T15:46:42.909Z] [INFO] GET /api/server-hash
[2026-03-29T15:46:52.912Z] [INFO] GET /api/server-hash
[2026-03-29T15:47:02.920Z] [INFO] GET /api/server-hash
[2026-03-29T15:47:12.908Z] [INFO] GET /api/server-hash
[2026-03-29T15:47:22.911Z] [INFO] GET /api/server-hash
[2026-03-29T15:47:32.913Z] [INFO] GET /api/server-hash
[2026-03-29T15:47:42.914Z] [INFO] GET /api/server-hash
[2026-03-29T15:47:52.919Z] [INFO] GET /api/server-hash
[2026-03-29T15:48:02.903Z] [INFO] GET /api/server-hash
[2026-03-29T15:48:12.905Z] [INFO] GET /api/server-hash
[2026-03-29T15:48:22.910Z] [INFO] GET /api/server-hash
[2026-03-29T15:48:32.914Z] [INFO] GET /api/server-hash
[2026-03-29T15:48:42.914Z] [INFO] GET /api/server-hash
[2026-03-29T15:48:52.913Z] [INFO] GET /api/server-hash
[2026-03-29T15:49:02.912Z] [INFO] GET /api/server-hash
[2026-03-29T15:49:09.769Z] [INFO] GET /api/server-hash
[2026-03-29T15:49:09.815Z] [INFO] GET /api/data
[2026-03-29T15:49:09.823Z] [INFO] GET /api/tax-rates
[2026-03-29T15:49:09.825Z] [INFO] GET /api/stock-withholding
[2026-03-29T15:49:09.834Z] [INFO] GET /api/version
[2026-03-29T15:49:13.534Z] [INFO] POST /api/restart | {}
[2026-03-29T15:49:13.536Z] [INFO] Server restart requested
[2026-03-29T15:49:14.056Z] [INFO] Process exit with code 0
[2026-03-29T15:49:14.493Z] [INFO] Server starting | {"pid":16896,"node":"v24.14.0","cwd":"C:\\Dev\\Personal\\ANAF\\MyFinancialApp"}
[2026-03-29T15:49:14.497Z] [INFO] Server started | {"port":3000,"url":"http://localhost:3000"}
[2026-03-29T15:49:14.552Z] [INFO] GET /api/server-hash
[2026-03-29T15:49:14.557Z] [INFO] GET /api/version
[2026-03-29T15:49:14.567Z] [INFO] GET /api/server-hash
[2026-03-29T15:49:14.591Z] [INFO] GET /api/trades
[2026-03-29T15:49:14.631Z] [INFO] GET /api/server-hash
[2026-03-29T15:49:14.664Z] [INFO] GET /api/data
[2026-03-29T15:49:14.665Z] [INFO] GET /api/tax-rates
[2026-03-29T15:49:14.672Z] [INFO] GET /api/stock-withholding
[2026-03-29T15:49:14.678Z] [INFO] GET /api/version
[2026-03-29T15:49:14.700Z] [INFO] GET /api/trades
[2026-03-29T15:49:24.635Z] [INFO] GET /api/server-hash
[2026-03-29T15:49:34.647Z] [INFO] GET /api/server-hash
[2026-03-29T15:49:44.634Z] [INFO] GET /api/server-hash
[2026-03-29T15:49:54.644Z] [INFO] GET /api/server-hash
[2026-03-29T15:50:04.636Z] [INFO] GET /api/server-hash
[2026-03-29T15:50:14.632Z] [INFO] GET /api/server-hash
[2026-03-29T15:50:24.647Z] [INFO] GET /api/server-hash
[2026-03-29T15:50:34.634Z] [INFO] GET /api/server-hash
[2026-03-29T15:50:44.637Z] [INFO] GET /api/server-hash
[2026-03-29T15:50:51.527Z] [INFO] GET /api/server-hash
[2026-03-29T15:50:51.572Z] [INFO] GET /api/data
[2026-03-29T15:50:51.573Z] [INFO] GET /api/tax-rates
[2026-03-29T15:50:51.582Z] [INFO] GET /api/stock-withholding
[2026-03-29T15:50:51.602Z] [INFO] GET /api/version
[2026-03-29T15:50:51.653Z] [INFO] GET /api/trades
[2026-03-29T15:51:01.531Z] [INFO] GET /api/server-hash
[2026-03-29T15:51:11.538Z] [INFO] GET /api/server-hash
[2026-03-29T15:51:21.539Z] [INFO] GET /api/server-hash
[2026-03-29T15:51:31.543Z] [INFO] GET /api/server-hash
[2026-03-29T15:51:41.537Z] [INFO] GET /api/server-hash
[2026-03-29T15:51:51.532Z] [INFO] GET /api/server-hash
[2026-03-29T15:52:01.537Z] [INFO] GET /api/server-hash
[2026-03-29T15:52:11.541Z] [INFO] GET /api/server-hash
[2026-03-29T15:52:21.533Z] [INFO] GET /api/server-hash
[2026-03-29T15:52:31.531Z] [INFO] GET /api/server-hash
[2026-03-29T15:52:41.532Z] [INFO] GET /api/server-hash
[2026-03-29T15:52:51.532Z] [INFO] GET /api/server-hash
[2026-03-29T15:53:01.536Z] [INFO] GET /api/server-hash
[2026-03-29T15:53:11.539Z] [INFO] GET /api/server-hash
[2026-03-29T15:53:21.540Z] [INFO] GET /api/server-hash
[2026-03-29T15:53:31.536Z] [INFO] GET /api/server-hash
[2026-03-29T15:53:41.539Z] [INFO] GET /api/server-hash
[2026-03-29T15:53:51.534Z] [INFO] GET /api/server-hash
[2026-03-29T15:54:01.530Z] [INFO] GET /api/server-hash
[2026-03-29T15:54:11.534Z] [INFO] GET /api/server-hash
[2026-03-29T15:54:21.537Z] [INFO] GET /api/server-hash
[2026-03-29T15:54:31.533Z] [INFO] GET /api/server-hash
[2026-03-29T15:54:41.545Z] [INFO] GET /api/server-hash
[2026-03-29T15:54:51.533Z] [INFO] GET /api/server-hash
[2026-03-29T15:55:01.535Z] [INFO] GET /api/server-hash
[2026-03-29T15:55:11.540Z] [INFO] GET /api/server-hash
[2026-03-29T15:55:13.587Z] [INFO] GET /api/server-hash
[2026-03-29T15:55:13.633Z] [INFO] GET /api/data
[2026-03-29T15:55:13.692Z] [INFO] GET /api/tax-rates
[2026-03-29T15:55:13.693Z] [INFO] GET /api/stock-withholding
[2026-03-29T15:55:13.700Z] [INFO] GET /api/version
[2026-03-29T15:55:13.727Z] [INFO] GET /api/trades
[2026-03-29T15:55:23.598Z] [INFO] GET /api/server-hash
[2026-03-29T15:55:33.594Z] [INFO] GET /api/server-hash
[2026-03-29T15:55:43.606Z] [INFO] GET /api/server-hash
[2026-03-29T15:55:45.759Z] [INFO] POST /api/restart | {}
[2026-03-29T15:55:45.761Z] [INFO] Server restart requested
[2026-03-29T15:55:46.300Z] [INFO] Process exit with code 0
[2026-03-29T15:56:02.219Z] [INFO] Server starting | {"pid":44520,"node":"v24.14.0","cwd":"C:\\Dev\\Personal\\ANAF\\MyFinancialApp"}
[2026-03-29T15:56:02.223Z] [INFO] Server started | {"port":3000,"url":"http://localhost:3000"}
[2026-03-29T15:56:02.265Z] [INFO] GET /api/server-hash
[2026-03-29T15:56:02.271Z] [INFO] GET /api/server-hash
[2026-03-29T15:56:02.278Z] [INFO] GET /api/server-hash
[2026-03-29T15:56:02.279Z] [INFO] GET /api/server-hash
[2026-03-29T15:56:02.431Z] [INFO] GET /api/server-hash
[2026-03-29T15:56:02.472Z] [INFO] GET /api/data
[2026-03-29T15:56:02.476Z] [INFO] GET /api/tax-rates
[2026-03-29T15:56:02.477Z] [INFO] GET /api/stock-withholding
[2026-03-29T15:56:02.484Z] [INFO] GET /api/version
[2026-03-29T15:56:02.516Z] [INFO] GET /api/trades
[2026-03-29T15:56:11.825Z] [INFO] POST /api/restart | {}
[2026-03-29T15:56:11.826Z] [INFO] Server restart requested
[2026-03-29T15:56:12.350Z] [INFO] Process exit with code 0
[2026-03-29T15:56:12.711Z] [INFO] Server starting | {"pid":45920,"node":"v24.14.0","cwd":"C:\\Dev\\Personal\\ANAF\\MyFinancialApp"}
[2026-03-29T15:56:12.716Z] [INFO] Server started | {"port":3000,"url":"http://localhost:3000"}
[2026-03-29T15:56:12.746Z] [INFO] GET /api/server-hash
[2026-03-29T15:56:12.751Z] [INFO] GET /api/server-hash
[2026-03-29T15:56:12.805Z] [INFO] GET /api/server-hash
[2026-03-29T15:56:12.843Z] [INFO] GET /api/data
[2026-03-29T15:56:12.844Z] [INFO] GET /api/tax-rates
[2026-03-29T15:56:12.849Z] [INFO] GET /api/stock-withholding
[2026-03-29T15:56:12.859Z] [INFO] GET /api/version
[2026-03-29T15:56:12.886Z] [INFO] GET /api/trades
[2026-03-29T15:56:16.197Z] [INFO] GET /api/server-hash
[2026-03-29T15:56:16.229Z] [INFO] GET /api/data
[2026-03-29T15:56:16.231Z] [INFO] GET /api/tax-rates
[2026-03-29T15:56:16.235Z] [INFO] GET /api/stock-withholding
[2026-03-29T15:56:16.245Z] [INFO] GET /api/version
[2026-03-29T15:56:16.270Z] [INFO] GET /api/trades
[2026-03-29T15:56:26.201Z] [INFO] GET /api/server-hash
[2026-03-29T15:56:36.200Z] [INFO] GET /api/server-hash
[2026-03-29T15:56:46.203Z] [INFO] GET /api/server-hash
[2026-03-29T15:56:56.201Z] [INFO] GET /api/server-hash
[2026-03-29T15:56:58.904Z] [INFO] POST /api/restart | {}
[2026-03-29T15:56:58.905Z] [INFO] Server restart requested
[2026-03-29T15:56:59.433Z] [INFO] Process exit with code 0
[2026-03-29T15:56:59.787Z] [INFO] Server starting | {"pid":13400,"node":"v24.14.0","cwd":"C:\\Dev\\Personal\\ANAF\\MyFinancialApp"}
[2026-03-29T15:56:59.792Z] [INFO] Server started | {"port":3000,"url":"http://localhost:3000"}
[2026-03-29T15:56:59.915Z] [INFO] GET /api/server-hash
[2026-03-29T15:56:59.921Z] [INFO] GET /api/server-hash
[2026-03-29T15:57:00.127Z] [INFO] GET /api/server-hash
[2026-03-29T15:57:00.159Z] [INFO] GET /api/data
[2026-03-29T15:57:00.160Z] [INFO] GET /api/tax-rates
[2026-03-29T15:57:00.161Z] [INFO] GET /api/stock-withholding
[2026-03-29T15:57:00.172Z] [INFO] GET /api/version
[2026-03-29T15:57:00.203Z] [INFO] GET /api/trades
[2026-03-29T15:57:03.613Z] [INFO] GET /api/changelog/ro
[2026-03-29T15:57:10.142Z] [INFO] GET /api/server-hash
[2026-03-29T15:57:20.140Z] [INFO] GET /api/server-hash
[2026-03-29T15:57:30.137Z] [INFO] GET /api/server-hash
[2026-03-29T15:57:40.146Z] [INFO] GET /api/server-hash
[2026-03-29T15:57:50.137Z] [INFO] GET /api/server-hash
[2026-03-29T15:58:00.132Z] [INFO] GET /api/server-hash
[2026-03-29T15:58:10.133Z] [INFO] GET /api/server-hash
[2026-03-29T15:58:20.126Z] [INFO] GET /api/server-hash
[2026-03-29T15:58:30.142Z] [INFO] GET /api/server-hash
[2026-03-29T15:58:40.126Z] [INFO] GET /api/server-hash
[2026-03-29T15:58:50.137Z] [INFO] GET /api/server-hash
[2026-03-29T15:59:00.137Z] [INFO] GET /api/server-hash
[2026-03-29T15:59:10.133Z] [INFO] GET /api/server-hash
[2026-03-29T15:59:20.137Z] [INFO] GET /api/server-hash
[2026-03-29T15:59:30.146Z] [INFO] GET /api/server-hash
[2026-03-29T15:59:40.135Z] [INFO] GET /api/server-hash
[2026-03-29T15:59:50.129Z] [INFO] GET /api/server-hash
[2026-03-29T16:00:00.139Z] [INFO] GET /api/server-hash
[2026-03-29T16:00:10.140Z] [INFO] GET /api/server-hash
[2026-03-29T16:00:20.142Z] [INFO] GET /api/server-hash
[2026-03-29T16:00:30.136Z] [INFO] GET /api/server-hash
[2026-03-29T16:00:40.128Z] [INFO] GET /api/server-hash
[2026-03-29T16:00:50.137Z] [INFO] GET /api/server-hash
[2026-03-29T16:01:00.130Z] [INFO] GET /api/server-hash
[2026-03-29T16:01:09.753Z] [INFO] POST /api/restart | {}
[2026-03-29T16:01:09.755Z] [INFO] Server restart requested
[2026-03-29T16:01:10.142Z] [INFO] GET /api/server-hash
[2026-03-29T16:01:10.287Z] [INFO] Process exit with code 0
[2026-03-29T16:01:10.633Z] [INFO] Server starting | {"pid":45936,"node":"v24.14.0","cwd":"C:\\Dev\\Personal\\ANAF\\MyFinancialApp"}
[2026-03-29T16:01:10.638Z] [INFO] Server started | {"port":3000,"url":"http://localhost:3000"}
[2026-03-29T16:01:10.763Z] [INFO] GET /api/server-hash
[2026-03-29T16:01:10.768Z] [INFO] GET /api/server-hash
[2026-03-29T16:01:11.055Z] [INFO] GET /api/server-hash
[2026-03-29T16:01:11.090Z] [INFO] GET /api/data
[2026-03-29T16:01:11.097Z] [INFO] GET /api/tax-rates
[2026-03-29T16:01:11.098Z] [INFO] GET /api/stock-withholding
[2026-03-29T16:01:11.104Z] [INFO] GET /api/version
[2026-03-29T16:01:11.130Z] [INFO] GET /api/trades
[2026-03-29T16:01:14.365Z] [INFO] GET /api/changelog/ro
[2026-03-29T16:01:21.059Z] [INFO] GET /api/server-hash
[2026-03-29T16:01:31.063Z] [INFO] GET /api/server-hash
[2026-03-29T16:01:41.069Z] [INFO] GET /api/server-hash
[2026-03-29T16:01:51.060Z] [INFO] GET /api/server-hash
[2026-03-29T16:02:01.073Z] [INFO] GET /api/server-hash
[2026-03-29T16:02:11.089Z] [INFO] GET /api/server-hash
[2026-03-29T16:02:11.108Z] [INFO] GET /api/changelog/ro
[2026-03-29T16:02:21.071Z] [INFO] GET /api/server-hash
[2026-03-29T16:02:31.062Z] [INFO] GET /api/server-hash
[2026-03-29T16:02:41.070Z] [INFO] GET /api/server-hash
[2026-03-29T16:02:51.060Z] [INFO] GET /api/server-hash
[2026-03-29T16:03:01.075Z] [INFO] GET /api/server-hash
[2026-03-29T16:03:11.070Z] [INFO] GET /api/server-hash
[2026-03-29T16:03:21.069Z] [INFO] GET /api/server-hash
[2026-03-29T16:03:31.070Z] [INFO] GET /api/server-hash
[2026-03-29T16:03:41.065Z] [INFO] GET /api/server-hash
[2026-03-29T16:03:51.059Z] [INFO] GET /api/server-hash
[2026-03-29T16:04:01.062Z] [INFO] GET /api/server-hash
[2026-03-29T16:04:11.069Z] [INFO] GET /api/server-hash
[2026-03-29T16:04:21.062Z] [INFO] GET /api/server-hash
[2026-03-29T16:04:31.070Z] [INFO] GET /api/server-hash
[2026-03-29T16:04:41.058Z] [INFO] GET /api/server-hash
[2026-03-29T16:04:51.068Z] [INFO] GET /api/server-hash
[2026-03-29T16:05:01.068Z] [INFO] GET /api/server-hash
[2026-03-29T16:05:11.066Z] [INFO] GET /api/server-hash
[2026-03-29T16:05:21.072Z] [INFO] GET /api/server-hash
[2026-03-29T16:05:31.065Z] [INFO] GET /api/server-hash
[2026-03-29T16:05:41.070Z] [INFO] GET /api/server-hash
[2026-03-29T16:05:51.058Z] [INFO] GET /api/server-hash
[2026-03-29T16:06:01.058Z] [INFO] GET /api/server-hash
[2026-03-29T16:06:11.056Z] [INFO] GET /api/server-hash
[2026-03-29T16:06:21.058Z] [INFO] GET /api/server-hash
[2026-03-29T16:06:31.061Z] [INFO] GET /api/server-hash
[2026-03-29T16:06:41.066Z] [INFO] GET /api/server-hash
[2026-03-29T16:06:51.057Z] [INFO] GET /api/server-hash
[2026-03-29T16:07:01.072Z] [INFO] GET /api/server-hash
[2026-03-29T16:07:11.062Z] [INFO] GET /api/server-hash
[2026-03-29T16:07:21.069Z] [INFO] GET /api/server-hash
[2026-03-29T16:07:31.067Z] [INFO] GET /api/server-hash
[2026-03-29T16:07:41.072Z] [INFO] GET /api/server-hash
[2026-03-29T16:07:51.063Z] [INFO] GET /api/server-hash
[2026-03-29T16:08:01.063Z] [INFO] GET /api/server-hash
[2026-03-29T16:08:11.055Z] [INFO] GET /api/server-hash
[2026-03-29T16:08:21.056Z] [INFO] GET /api/server-hash
[2026-03-29T16:08:31.065Z] [INFO] GET /api/server-hash
[2026-03-29T16:08:41.053Z] [INFO] GET /api/server-hash
[2026-03-29T16:08:51.055Z] [INFO] GET /api/server-hash
[2026-03-29T16:09:01.059Z] [INFO] GET /api/server-hash
[2026-03-29T16:09:11.061Z] [INFO] GET /api/server-hash
[2026-03-29T16:09:21.068Z] [INFO] GET /api/server-hash
[2026-03-29T16:09:31.070Z] [INFO] GET /api/server-hash
[2026-03-29T16:09:41.066Z] [INFO] GET /api/server-hash
[2026-03-29T16:09:51.071Z] [INFO] GET /api/server-hash
[2026-03-29T16:10:01.072Z] [INFO] GET /api/server-hash
[2026-03-29T16:10:11.078Z] [INFO] GET /api/server-hash
[2026-03-29T16:10:21.068Z] [INFO] GET /api/server-hash
[2026-03-29T16:10:31.071Z] [INFO] GET /api/server-hash
[2026-03-29T16:10:41.062Z] [INFO] GET /api/server-hash
[2026-03-29T16:10:51.071Z] [INFO] GET /api/server-hash
[2026-03-29T16:11:01.069Z] [INFO] GET /api/server-hash
[2026-03-29T16:11:11.057Z] [INFO] GET /api/server-hash
[2026-03-29T16:11:21.061Z] [INFO] GET /api/server-hash
[2026-03-29T16:11:31.061Z] [INFO] GET /api/server-hash
[2026-03-29T16:11:41.066Z] [INFO] GET /api/server-hash
[2026-03-29T16:11:51.054Z] [INFO] GET /api/server-hash
[2026-03-29T16:12:01.065Z] [INFO] GET /api/server-hash
[2026-03-29T16:12:11.059Z] [INFO] GET /api/server-hash
[2026-03-29T16:12:21.067Z] [INFO] GET /api/server-hash
[2026-03-29T16:12:31.069Z] [INFO] GET /api/server-hash
[2026-03-29T16:12:41.062Z] [INFO] GET /api/server-hash
[2026-03-29T16:12:51.062Z] [INFO] GET /api/server-hash
[2026-03-29T16:13:01.071Z] [INFO] GET /api/server-hash
[2026-03-29T16:13:11.064Z] [INFO] GET /api/server-hash
[2026-03-29T16:13:21.309Z] [INFO] GET /api/server-hash
[2026-03-29T16:13:31.303Z] [INFO] GET /api/server-hash
[2026-03-29T16:13:41.305Z] [INFO] GET /api/server-hash
[2026-03-29T16:13:51.309Z] [INFO] GET /api/server-hash
[2026-03-29T16:14:01.306Z] [INFO] GET /api/server-hash
[2026-03-29T16:14:11.308Z] [INFO] GET /api/server-hash
[2026-03-29T16:15:12.313Z] [INFO] GET /api/server-hash
[2026-03-29T16:16:12.315Z] [INFO] GET /api/server-hash
[2026-03-29T16:17:12.314Z] [INFO] GET /api/server-hash
[2026-03-29T16:18:12.309Z] [INFO] GET /api/server-hash
[2026-03-29T16:19:12.307Z] [INFO] GET /api/server-hash
[2026-03-29T16:20:12.314Z] [INFO] GET /api/server-hash
[2026-03-29T16:21:12.323Z] [INFO] GET /api/server-hash
[2026-03-29T16:22:12.309Z] [INFO] GET /api/server-hash
[2026-03-29T16:23:12.302Z] [INFO] GET /api/server-hash
[2026-03-29T16:24:12.305Z] [INFO] GET /api/server-hash
[2026-03-29T16:25:12.312Z] [INFO] GET /api/server-hash
[2026-03-29T16:26:12.304Z] [INFO] GET /api/server-hash
[2026-03-29T16:27:12.310Z] [INFO] GET /api/server-hash
[2026-03-29T16:28:12.328Z] [INFO] GET /api/server-hash
[2026-03-29T16:29:12.322Z] [INFO] GET /api/server-hash
[2026-03-29T16:30:12.309Z] [INFO] GET /api/server-hash
[2026-03-29T16:31:12.314Z] [INFO] GET /api/server-hash
[2026-03-29T16:32:12.313Z] [INFO] GET /api/server-hash
[2026-03-29T16:33:12.313Z] [INFO] GET /api/server-hash
[2026-03-29T16:34:12.302Z] [INFO] GET /api/server-hash
[2026-03-29T16:35:12.302Z] [INFO] GET /api/server-hash
[2026-03-29T16:36:12.314Z] [INFO] GET /api/server-hash
[2026-03-29T16:37:12.306Z] [INFO] GET /api/server-hash
[2026-03-29T16:38:12.313Z] [INFO] GET /api/server-hash
[2026-03-29T16:39:12.315Z] [INFO] GET /api/server-hash
[2026-03-29T16:40:12.298Z] [INFO] GET /api/server-hash
[2026-03-29T16:41:12.315Z] [INFO] GET /api/server-hash
[2026-03-29T16:42:12.317Z] [INFO] GET /api/server-hash
[2026-03-29T16:43:03.628Z] [INFO] GET /api/server-hash
[2026-03-29T16:43:11.316Z] [INFO] GET /api/server-hash
[2026-03-29T16:43:21.307Z] [INFO] GET /api/server-hash
[2026-03-29T16:43:31.304Z] [INFO] GET /api/server-hash
[2026-03-29T16:43:41.306Z] [INFO] GET /api/server-hash
[2026-03-29T16:43:51.306Z] [INFO] GET /api/server-hash
[2026-03-29T16:44:01.309Z] [INFO] GET /api/server-hash
[2026-03-29T16:44:11.306Z] [INFO] GET /api/server-hash
[2026-03-29T16:44:21.301Z] [INFO] GET /api/server-hash
[2026-03-29T16:44:31.304Z] [INFO] GET /api/server-hash
[2026-03-29T16:44:41.300Z] [INFO] GET /api/server-hash
[2026-03-29T16:44:51.305Z] [INFO] GET /api/server-hash
[2026-03-29T16:45:12.299Z] [INFO] GET /api/server-hash
[2026-03-29T16:46:12.307Z] [INFO] GET /api/server-hash
[2026-03-29T16:47:12.314Z] [INFO] GET /api/server-hash
[2026-03-29T16:48:12.304Z] [INFO] GET /api/server-hash
[2026-03-29T16:49:12.313Z] [INFO] GET /api/server-hash
[2026-03-29T16:50:12.306Z] [INFO] GET /api/server-hash
[2026-03-29T16:51:12.313Z] [INFO] GET /api/server-hash
[2026-03-29T16:52:12.304Z] [INFO] GET /api/server-hash
[2026-03-29T16:53:12.309Z] [INFO] GET /api/server-hash
[2026-03-29T16:54:12.321Z] [INFO] GET /api/server-hash
[2026-03-29T16:55:12.305Z] [INFO] GET /api/server-hash
[2026-03-29T16:56:12.304Z] [INFO] GET /api/server-hash
[2026-03-29T16:57:12.304Z] [INFO] GET /api/server-hash
[2026-03-29T16:58:12.308Z] [INFO] GET /api/server-hash
[2026-03-29T16:59:12.304Z] [INFO] GET /api/server-hash
[2026-03-29T17:00:12.312Z] [INFO] GET /api/server-hash
[2026-03-29T17:01:12.304Z] [INFO] GET /api/server-hash
[2026-03-29T17:02:12.307Z] [INFO] GET /api/server-hash
[2026-03-29T17:03:12.307Z] [INFO] GET /api/server-hash
[2026-03-29T17:04:12.304Z] [INFO] GET /api/server-hash
[2026-03-29T17:05:12.308Z] [INFO] GET /api/server-hash
[2026-03-29T17:06:12.303Z] [INFO] GET /api/server-hash
[2026-03-29T17:07:12.303Z] [INFO] GET /api/server-hash
[2026-03-29T17:08:12.312Z] [INFO] GET /api/server-hash
[2026-03-29T17:09:12.308Z] [INFO] GET /api/server-hash
[2026-03-29T17:10:12.315Z] [INFO] GET /api/server-hash
[2026-03-29T17:11:12.315Z] [INFO] GET /api/server-hash
[2026-03-29T17:12:12.304Z] [INFO] GET /api/server-hash
[2026-03-29T17:13:12.308Z] [INFO] GET /api/server-hash
[2026-03-29T17:14:12.309Z] [INFO] GET /api/server-hash
[2026-03-29T17:15:12.306Z] [INFO] GET /api/server-hash
[2026-03-29T17:16:12.316Z] [INFO] GET /api/server-hash
[2026-03-29T17:17:12.305Z] [INFO] GET /api/server-hash
[2026-03-29T17:18:12.316Z] [INFO] GET /api/server-hash
[2026-03-29T17:19:12.322Z] [INFO] GET /api/server-hash
[2026-03-29T17:20:12.304Z] [INFO] GET /api/server-hash
[2026-03-29T17:21:12.308Z] [INFO] GET /api/server-hash
[2026-03-29T17:22:12.314Z] [INFO] GET /api/server-hash
[2026-03-29T17:23:12.313Z] [INFO] GET /api/server-hash
[2026-03-29T17:24:12.310Z] [INFO] GET /api/server-hash
[2026-03-29T17:25:12.317Z] [INFO] GET /api/server-hash
[2026-03-29T17:26:12.312Z] [INFO] GET /api/server-hash
[2026-03-29T17:27:12.314Z] [INFO] GET /api/server-hash
[2026-03-29T17:28:12.317Z] [INFO] GET /api/server-hash
[2026-03-29T17:29:12.321Z] [INFO] GET /api/server-hash
[2026-03-29T17:30:12.309Z] [INFO] GET /api/server-hash
[2026-03-29T17:31:12.323Z] [INFO] GET /api/server-hash
[2026-03-29T17:32:12.317Z] [INFO] GET /api/server-hash
[2026-03-29T17:33:12.308Z] [INFO] GET /api/server-hash
[2026-03-29T17:34:12.317Z] [INFO] GET /api/server-hash
[2026-03-29T17:35:12.316Z] [INFO] GET /api/server-hash
[2026-03-29T17:36:12.314Z] [INFO] GET /api/server-hash
[2026-03-29T17:37:12.315Z] [INFO] GET /api/server-hash
[2026-03-29T17:38:12.319Z] [INFO] GET /api/server-hash
[2026-03-29T17:39:12.308Z] [INFO] GET /api/server-hash
[2026-03-29T17:40:12.314Z] [INFO] GET /api/server-hash
[2026-03-29T17:41:12.309Z] [INFO] GET /api/server-hash
[2026-03-29T17:42:12.313Z] [INFO] GET /api/server-hash
[2026-03-29T17:43:12.307Z] [INFO] GET /api/server-hash
