[2026-04-07T14:18:06.491Z] [INFO] Server starting | {"pid":26432,"node":"v24.14.0","cwd":"C:\\Dev\\Personal\\ANAF\\MyFinancialApp"}
[2026-04-07T14:18:06.498Z] [INFO] Server started | {"port":3000,"url":"http://localhost:3000"}
[2026-04-07T14:18:06.694Z] [INFO] GET /api/server-hash
[2026-04-07T14:18:06.706Z] [INFO] GET /api/data
[2026-04-07T14:18:06.746Z] [INFO] GET /api/tax-rates
[2026-04-07T14:18:06.748Z] [INFO] GET /api/stock-withholding
[2026-04-07T14:18:06.837Z] [INFO] GET /api/version
[2026-04-07T14:18:06.901Z] [INFO] GET /api/trades
[2026-04-07T14:18:13.117Z] [INFO] GET /api/server-hash
[2026-04-07T14:18:13.154Z] [INFO] GET /api/data
[2026-04-07T14:18:13.156Z] [INFO] GET /api/tax-rates
[2026-04-07T14:18:13.157Z] [INFO] GET /api/stock-withholding
[2026-04-07T14:18:13.172Z] [INFO] GET /api/version
[2026-04-07T14:18:13.199Z] [INFO] GET /api/trades
[2026-04-07T14:18:23.130Z] [INFO] GET /api/server-hash
[2026-04-07T14:18:33.128Z] [INFO] GET /api/server-hash
[2026-04-07T14:18:43.139Z] [INFO] GET /api/server-hash
[2026-04-07T14:18:53.137Z] [INFO] GET /api/server-hash
[2026-04-07T14:19:03.134Z] [INFO] GET /api/server-hash
[2026-04-07T14:19:13.126Z] [INFO] GET /api/server-hash
[2026-04-07T14:19:23.128Z] [INFO] GET /api/server-hash
[2026-04-07T14:19:33.126Z] [INFO] GET /api/server-hash
[2026-04-07T14:19:43.670Z] [INFO] GET /api/server-hash
[2026-04-07T14:19:53.669Z] [INFO] GET /api/server-hash
[2026-04-07T14:20:03.676Z] [INFO] GET /api/server-hash
[2026-04-07T14:20:13.663Z] [INFO] GET /api/server-hash
[2026-04-07T14:20:23.671Z] [INFO] GET /api/server-hash
[2026-04-07T14:20:33.129Z] [INFO] GET /api/server-hash
[2026-04-07T14:20:43.664Z] [INFO] GET /api/server-hash
[2026-04-07T14:20:53.668Z] [INFO] GET /api/server-hash
[2026-04-07T14:21:03.673Z] [INFO] GET /api/server-hash
[2026-04-07T14:21:13.671Z] [INFO] GET /api/server-hash
[2026-04-07T14:21:23.658Z] [INFO] GET /api/server-hash
[2026-04-07T14:21:33.661Z] [INFO] GET /api/server-hash
[2026-04-07T14:22:34.665Z] [INFO] GET /api/server-hash
[2026-04-07T14:22:56.716Z] [INFO] GET /api/server-hash
[2026-04-07T14:23:03.118Z] [INFO] GET /api/server-hash
[2026-04-07T14:23:13.118Z] [INFO] GET /api/server-hash
[2026-04-07T14:23:23.664Z] [INFO] GET /api/server-hash
[2026-04-07T14:23:33.660Z] [INFO] GET /api/server-hash
[2026-04-07T14:23:43.677Z] [INFO] GET /api/server-hash
[2026-04-07T14:23:53.664Z] [INFO] GET /api/server-hash
[2026-04-07T14:24:03.664Z] [INFO] GET /api/server-hash
[2026-04-07T14:24:13.672Z] [INFO] GET /api/server-hash
[2026-04-07T14:24:40.676Z] [INFO] GET /api/server-hash
[2026-04-07T14:25:40.664Z] [INFO] GET /api/server-hash
[2026-04-07T14:26:11.960Z] [INFO] GET /api/server-hash
[2026-04-07T14:26:13.125Z] [INFO] GET /api/server-hash
[2026-04-07T14:26:23.122Z] [INFO] GET /api/server-hash
[2026-04-07T14:26:33.124Z] [INFO] GET /api/server-hash
[2026-04-07T14:26:43.130Z] [INFO] GET /api/server-hash
[2026-04-07T14:26:53.119Z] [INFO] GET /api/server-hash
[2026-04-07T14:27:03.121Z] [INFO] GET /api/server-hash
[2026-04-07T14:27:13.132Z] [INFO] GET /api/server-hash
[2026-04-07T14:27:23.121Z] [INFO] GET /api/server-hash
[2026-04-07T14:27:33.130Z] [INFO] GET /api/server-hash
[2026-04-07T14:27:43.128Z] [INFO] GET /api/server-hash
[2026-04-07T14:27:53.134Z] [INFO] GET /api/server-hash
[2026-04-07T14:28:03.123Z] [INFO] GET /api/server-hash
[2026-04-07T14:28:13.128Z] [INFO] GET /api/server-hash
[2026-04-07T14:28:23.131Z] [INFO] GET /api/server-hash
[2026-04-07T14:28:33.124Z] [INFO] GET /api/server-hash
[2026-04-07T14:28:43.124Z] [INFO] GET /api/server-hash
[2026-04-07T14:28:53.124Z] [INFO] GET /api/server-hash
[2026-04-07T14:29:03.112Z] [INFO] GET /api/server-hash
[2026-04-07T14:29:13.127Z] [INFO] GET /api/server-hash
[2026-04-07T14:29:23.123Z] [INFO] GET /api/server-hash
[2026-04-07T14:29:33.117Z] [INFO] GET /api/server-hash
[2026-04-07T14:29:43.129Z] [INFO] GET /api/server-hash
[2026-04-07T14:29:53.115Z] [INFO] GET /api/server-hash
[2026-04-07T14:30:03.126Z] [INFO] GET /api/server-hash
[2026-04-07T14:30:13.118Z] [INFO] GET /api/server-hash
[2026-04-07T14:30:23.129Z] [INFO] GET /api/server-hash
[2026-04-07T14:30:33.128Z] [INFO] GET /api/server-hash
[2026-04-07T14:30:43.119Z] [INFO] GET /api/server-hash
[2026-04-07T14:30:53.123Z] [INFO] GET /api/server-hash
[2026-04-07T14:31:03.123Z] [INFO] GET /api/server-hash
[2026-04-07T14:31:13.131Z] [INFO] GET /api/server-hash
[2026-04-07T14:31:23.122Z] [INFO] GET /api/server-hash
[2026-04-07T14:31:33.125Z] [INFO] GET /api/server-hash
[2026-04-07T14:31:43.131Z] [INFO] GET /api/server-hash
[2026-04-07T14:31:53.133Z] [INFO] GET /api/server-hash
[2026-04-07T14:32:03.118Z] [INFO] GET /api/server-hash
[2026-04-07T14:32:13.138Z] [INFO] GET /api/server-hash
[2026-04-07T14:32:23.125Z] [INFO] GET /api/server-hash
[2026-04-07T14:32:33.128Z] [INFO] GET /api/server-hash
[2026-04-07T14:32:43.137Z] [INFO] GET /api/server-hash
[2026-04-07T14:32:53.123Z] [INFO] GET /api/server-hash
[2026-04-07T14:33:03.129Z] [INFO] GET /api/server-hash
[2026-04-07T14:33:13.131Z] [INFO] GET /api/server-hash
[2026-04-07T14:33:23.124Z] [INFO] GET /api/server-hash
[2026-04-07T14:33:33.133Z] [INFO] GET /api/server-hash
[2026-04-07T14:33:43.129Z] [INFO] GET /api/server-hash
[2026-04-07T14:33:53.129Z] [INFO] GET /api/server-hash
[2026-04-07T14:34:03.133Z] [INFO] GET /api/server-hash
[2026-04-07T14:34:13.121Z] [INFO] GET /api/server-hash
[2026-04-07T14:34:23.123Z] [INFO] GET /api/server-hash
[2026-04-07T14:34:33.125Z] [INFO] GET /api/server-hash
[2026-04-07T14:34:43.125Z] [INFO] GET /api/server-hash
[2026-04-07T14:34:53.128Z] [INFO] GET /api/server-hash
[2026-04-07T14:35:03.132Z] [INFO] GET /api/server-hash
[2026-04-07T14:35:13.135Z] [INFO] GET /api/server-hash
[2026-04-07T14:35:23.136Z] [INFO] GET /api/server-hash
[2026-04-07T14:35:33.130Z] [INFO] GET /api/server-hash
[2026-04-07T14:35:43.128Z] [INFO] GET /api/server-hash
[2026-04-07T14:35:53.133Z] [INFO] GET /api/server-hash
[2026-04-07T14:36:03.136Z] [INFO] GET /api/server-hash
[2026-04-07T14:36:13.140Z] [INFO] GET /api/server-hash
[2026-04-07T14:36:23.126Z] [INFO] GET /api/server-hash
[2026-04-07T14:36:33.130Z] [INFO] GET /api/server-hash
[2026-04-07T14:36:43.140Z] [INFO] GET /api/server-hash
[2026-04-07T14:36:53.124Z] [INFO] GET /api/server-hash
[2026-04-07T14:37:03.127Z] [INFO] GET /api/server-hash
[2026-04-07T14:37:13.132Z] [INFO] GET /api/server-hash
[2026-04-07T14:37:23.136Z] [INFO] GET /api/server-hash
[2026-04-07T14:37:33.138Z] [INFO] GET /api/server-hash
[2026-04-07T14:37:43.120Z] [INFO] GET /api/server-hash
[2026-04-07T14:37:53.125Z] [INFO] GET /api/server-hash
[2026-04-07T14:38:03.127Z] [INFO] GET /api/server-hash
[2026-04-07T14:38:13.131Z] [INFO] GET /api/server-hash
[2026-04-07T14:38:23.122Z] [INFO] GET /api/server-hash
[2026-04-07T14:38:33.118Z] [INFO] GET /api/server-hash
[2026-04-07T14:38:43.671Z] [INFO] GET /api/server-hash
[2026-04-07T14:38:53.680Z] [INFO] GET /api/server-hash
[2026-04-07T14:39:03.126Z] [INFO] GET /api/server-hash
[2026-04-07T14:39:11.586Z] [INFO] GET /api/server-hash
[2026-04-07T14:39:11.747Z] [INFO] GET /api/data
[2026-04-07T14:39:11.749Z] [INFO] GET /api/tax-rates
[2026-04-07T14:39:11.788Z] [INFO] GET /api/stock-withholding
[2026-04-07T14:39:11.795Z] [INFO] GET /api/version
[2026-04-07T14:39:11.827Z] [INFO] GET /api/trades
[2026-04-07T14:39:19.094Z] [INFO] GET /api/server-hash
[2026-04-07T14:39:19.133Z] [INFO] GET /api/data
[2026-04-07T14:39:19.134Z] [INFO] GET /api/tax-rates
[2026-04-07T14:39:19.136Z] [INFO] GET /api/stock-withholding
[2026-04-07T14:39:19.154Z] [INFO] GET /api/version
[2026-04-07T14:39:19.179Z] [INFO] GET /api/trades
[2026-04-07T14:39:29.101Z] [INFO] GET /api/server-hash
[2026-04-07T14:39:33.205Z] [INFO] GET /api/server-hash
[2026-04-07T14:39:33.252Z] [INFO] GET /api/data
[2026-04-07T14:39:33.258Z] [INFO] GET /api/tax-rates
[2026-04-07T14:39:33.260Z] [INFO] GET /api/stock-withholding
[2026-04-07T14:39:33.273Z] [INFO] GET /api/version
[2026-04-07T14:39:33.316Z] [INFO] GET /api/trades
[2026-04-07T14:39:43.222Z] [INFO] GET /api/server-hash
[2026-04-07T14:39:53.221Z] [INFO] GET /api/server-hash
[2026-04-07T14:40:03.224Z] [INFO] GET /api/server-hash
[2026-04-07T14:40:08.642Z] [INFO] GET /api/server-hash
[2026-04-07T14:40:08.684Z] [INFO] GET /api/data
[2026-04-07T14:40:08.685Z] [INFO] GET /api/tax-rates
[2026-04-07T14:40:08.686Z] [INFO] GET /api/stock-withholding
[2026-04-07T14:40:08.703Z] [INFO] GET /api/version
[2026-04-07T14:40:08.741Z] [INFO] GET /api/trades
[2026-04-07T14:40:18.652Z] [INFO] GET /api/server-hash
[2026-04-07T14:40:21.997Z] [INFO] GET /api/server-hash
[2026-04-07T14:40:22.036Z] [INFO] GET /api/data
[2026-04-07T14:40:22.041Z] [INFO] GET /api/tax-rates
[2026-04-07T14:40:22.042Z] [INFO] GET /api/stock-withholding
[2026-04-07T14:40:22.050Z] [INFO] GET /api/version
[2026-04-07T14:40:22.076Z] [INFO] GET /api/trades
[2026-04-07T14:40:32.002Z] [INFO] GET /api/server-hash
[2026-04-07T14:40:42.010Z] [INFO] GET /api/server-hash
[2026-04-07T14:40:52.004Z] [INFO] GET /api/server-hash
[2026-04-07T14:40:59.711Z] [INFO] GET /api/server-hash
[2026-04-07T14:40:59.760Z] [INFO] GET /api/data
[2026-04-07T14:40:59.766Z] [INFO] GET /api/tax-rates
[2026-04-07T14:40:59.768Z] [INFO] GET /api/stock-withholding
[2026-04-07T14:40:59.784Z] [INFO] GET /api/version
[2026-04-07T14:40:59.816Z] [INFO] GET /api/trades
[2026-04-07T14:41:09.720Z] [INFO] GET /api/server-hash
[2026-04-07T14:41:19.721Z] [INFO] GET /api/server-hash
[2026-04-07T14:41:29.712Z] [INFO] GET /api/server-hash
[2026-04-07T14:41:30.420Z] [INFO] GET /api/server-hash
[2026-04-07T14:41:30.458Z] [INFO] GET /api/data
[2026-04-07T14:41:30.464Z] [INFO] GET /api/tax-rates
[2026-04-07T14:41:30.465Z] [INFO] GET /api/stock-withholding
[2026-04-07T14:41:30.475Z] [INFO] GET /api/version
[2026-04-07T14:41:30.500Z] [INFO] GET /api/trades
[2026-04-07T14:41:40.437Z] [INFO] GET /api/server-hash
[2026-04-07T14:41:50.436Z] [INFO] GET /api/server-hash
[2026-04-07T14:41:56.116Z] [INFO] GET /api/server-hash
[2026-04-07T14:41:56.160Z] [INFO] GET /api/data
[2026-04-07T14:41:56.162Z] [INFO] GET /api/tax-rates
[2026-04-07T14:41:56.168Z] [INFO] GET /api/stock-withholding
[2026-04-07T14:41:56.178Z] [INFO] GET /api/version
[2026-04-07T14:41:56.203Z] [INFO] GET /api/trades
[2026-04-07T14:42:06.118Z] [INFO] GET /api/server-hash
[2026-04-07T14:42:16.128Z] [INFO] GET /api/server-hash
[2026-04-07T14:42:17.815Z] [INFO] GET /api/server-hash
[2026-04-07T14:42:17.849Z] [INFO] GET /api/data
[2026-04-07T14:42:17.850Z] [INFO] GET /api/tax-rates
[2026-04-07T14:42:17.851Z] [INFO] GET /api/stock-withholding
[2026-04-07T14:42:17.865Z] [INFO] GET /api/version
[2026-04-07T14:42:17.890Z] [INFO] GET /api/trades
[2026-04-07T14:42:27.821Z] [INFO] GET /api/server-hash
[2026-04-07T14:42:37.833Z] [INFO] GET /api/server-hash
[2026-04-07T14:42:47.831Z] [INFO] GET /api/server-hash
[2026-04-07T14:42:57.820Z] [INFO] GET /api/server-hash
[2026-04-07T14:42:59.707Z] [INFO] GET /api/server-hash
[2026-04-07T14:42:59.758Z] [INFO] GET /api/data
[2026-04-07T14:42:59.759Z] [INFO] GET /api/tax-rates
[2026-04-07T14:42:59.761Z] [INFO] GET /api/stock-withholding
[2026-04-07T14:42:59.775Z] [INFO] GET /api/version
[2026-04-07T14:42:59.805Z] [INFO] GET /api/trades
[2026-04-07T14:43:09.715Z] [INFO] GET /api/server-hash
[2026-04-07T14:43:19.712Z] [INFO] GET /api/server-hash
[2026-04-07T14:43:29.707Z] [INFO] GET /api/server-hash
[2026-04-07T14:43:31.742Z] [INFO] GET /api/server-hash
[2026-04-07T14:43:31.775Z] [INFO] GET /api/data
[2026-04-07T14:43:31.781Z] [INFO] GET /api/tax-rates
[2026-04-07T14:43:31.782Z] [INFO] GET /api/stock-withholding
[2026-04-07T14:43:31.801Z] [INFO] GET /api/version
[2026-04-07T14:43:31.849Z] [INFO] GET /api/trades
[2026-04-07T14:43:41.748Z] [INFO] GET /api/server-hash
[2026-04-07T14:43:42.825Z] [INFO] GET /api/server-hash
[2026-04-07T14:43:42.861Z] [INFO] GET /api/data
[2026-04-07T14:43:42.866Z] [INFO] GET /api/tax-rates
[2026-04-07T14:43:42.868Z] [INFO] GET /api/stock-withholding
[2026-04-07T14:43:42.881Z] [INFO] GET /api/version
[2026-04-07T14:43:42.905Z] [INFO] GET /api/trades
[2026-04-07T14:43:52.842Z] [INFO] GET /api/server-hash
[2026-04-07T14:44:02.838Z] [INFO] GET /api/server-hash
[2026-04-07T14:44:07.802Z] [INFO] POST /api/restart | {}
[2026-04-07T14:44:07.803Z] [INFO] Server restart requested
[2026-04-07T14:44:08.345Z] [INFO] Process exit with code 0
[2026-04-07T14:44:22.382Z] [INFO] Server starting | {"pid":50224,"node":"v24.14.0","cwd":"C:\\Dev\\Personal\\ANAF\\MyFinancialApp"}
[2026-04-07T14:44:22.404Z] [INFO] Server started | {"port":3000,"url":"http://localhost:3000"}
[2026-04-07T14:44:22.629Z] [INFO] GET /api/server-hash
[2026-04-07T14:44:22.632Z] [INFO] GET /api/server-hash
[2026-04-07T14:44:22.638Z] [INFO] GET /api/server-hash
[2026-04-07T14:44:22.651Z] [INFO] GET /api/server-hash
[2026-04-07T14:44:22.748Z] [INFO] GET /api/server-hash
[2026-04-07T14:44:22.795Z] [INFO] GET /api/data
[2026-04-07T14:44:22.796Z] [INFO] GET /api/tax-rates
[2026-04-07T14:44:22.798Z] [INFO] GET /api/stock-withholding
[2026-04-07T14:44:22.814Z] [INFO] GET /api/version
[2026-04-07T14:44:22.848Z] [INFO] GET /api/trades
[2026-04-07T14:44:32.761Z] [INFO] GET /api/server-hash
[2026-04-07T14:44:42.756Z] [INFO] GET /api/server-hash
[2026-04-07T14:44:52.759Z] [INFO] GET /api/server-hash
[2026-04-07T14:45:02.763Z] [INFO] GET /api/server-hash
[2026-04-07T14:45:12.760Z] [INFO] GET /api/server-hash
[2026-04-07T14:45:22.758Z] [INFO] GET /api/server-hash
[2026-04-07T14:45:32.751Z] [INFO] GET /api/server-hash
[2026-04-07T14:45:42.754Z] [INFO] GET /api/server-hash
[2026-04-07T14:45:52.758Z] [INFO] GET /api/server-hash
[2026-04-07T14:46:02.754Z] [INFO] GET /api/server-hash
[2026-04-07T14:46:12.767Z] [INFO] GET /api/server-hash
[2026-04-07T14:46:22.754Z] [INFO] GET /api/server-hash
[2026-04-07T14:46:32.755Z] [INFO] GET /api/server-hash
[2026-04-07T14:46:42.773Z] [INFO] GET /api/server-hash
[2026-04-07T14:46:52.759Z] [INFO] GET /api/server-hash
[2026-04-07T14:47:02.761Z] [INFO] GET /api/server-hash
[2026-04-07T14:47:12.752Z] [INFO] GET /api/server-hash
[2026-04-07T14:47:22.755Z] [INFO] GET /api/server-hash
[2026-04-07T14:47:32.748Z] [INFO] GET /api/server-hash
[2026-04-07T14:47:42.753Z] [INFO] GET /api/server-hash
[2026-04-07T14:47:52.780Z] [INFO] GET /api/server-hash
[2026-04-07T14:48:02.751Z] [INFO] GET /api/server-hash
[2026-04-07T14:48:12.757Z] [INFO] GET /api/server-hash
[2026-04-07T14:48:22.761Z] [INFO] GET /api/server-hash
[2026-04-07T14:48:33.662Z] [INFO] GET /api/server-hash
[2026-04-07T14:48:43.664Z] [INFO] GET /api/server-hash
[2026-04-07T14:48:53.667Z] [INFO] GET /api/server-hash
[2026-04-07T14:49:03.668Z] [INFO] GET /api/server-hash
[2026-04-07T14:49:13.663Z] [INFO] GET /api/server-hash
[2026-04-07T14:49:23.675Z] [INFO] GET /api/server-hash
[2026-04-07T14:49:40.666Z] [INFO] GET /api/server-hash
[2026-04-07T14:50:40.668Z] [INFO] GET /api/server-hash
[2026-04-07T14:51:11.933Z] [INFO] GET /api/server-hash
[2026-04-07T14:51:12.752Z] [INFO] GET /api/server-hash
[2026-04-07T14:51:23.664Z] [INFO] GET /api/server-hash
[2026-04-07T14:51:33.671Z] [INFO] GET /api/server-hash
[2026-04-07T14:51:43.668Z] [INFO] GET /api/server-hash
[2026-04-07T14:51:53.663Z] [INFO] GET /api/server-hash
[2026-04-07T14:52:03.665Z] [INFO] GET /api/server-hash
[2026-04-07T14:52:13.674Z] [INFO] GET /api/server-hash
[2026-04-07T14:52:40.667Z] [INFO] GET /api/server-hash
[2026-04-07T14:53:40.664Z] [INFO] GET /api/server-hash
[2026-04-07T14:54:40.662Z] [INFO] GET /api/server-hash
[2026-04-07T14:55:40.664Z] [INFO] GET /api/server-hash
[2026-04-07T14:56:40.671Z] [INFO] GET /api/server-hash
[2026-04-07T14:57:40.668Z] [INFO] GET /api/server-hash
[2026-04-07T14:58:40.676Z] [INFO] GET /api/server-hash
[2026-04-07T14:59:40.667Z] [INFO] GET /api/server-hash
[2026-04-07T15:00:40.666Z] [INFO] GET /api/server-hash
[2026-04-07T15:01:40.675Z] [INFO] GET /api/server-hash
[2026-04-07T15:02:40.666Z] [INFO] GET /api/server-hash
[2026-04-07T15:03:40.667Z] [INFO] GET /api/server-hash
[2026-04-07T15:04:40.674Z] [INFO] GET /api/server-hash
[2026-04-07T15:05:40.673Z] [INFO] GET /api/server-hash
[2026-04-07T15:06:40.665Z] [INFO] GET /api/server-hash
[2026-04-07T15:07:40.670Z] [INFO] GET /api/server-hash
[2026-04-07T15:08:40.690Z] [INFO] GET /api/server-hash
[2026-04-07T15:09:40.666Z] [INFO] GET /api/server-hash
[2026-04-07T15:10:40.668Z] [INFO] GET /api/server-hash
[2026-04-07T15:11:40.673Z] [INFO] GET /api/server-hash
[2026-04-07T15:12:15.306Z] [INFO] GET /api/server-hash
[2026-04-07T15:12:22.751Z] [INFO] GET /api/server-hash
[2026-04-07T15:12:23.786Z] [INFO] GET /api/server-hash
[2026-04-07T15:12:23.895Z] [INFO] GET /api/data
[2026-04-07T15:12:23.896Z] [INFO] GET /api/tax-rates
[2026-04-07T15:12:23.919Z] [INFO] GET /api/stock-withholding
[2026-04-07T15:12:23.932Z] [INFO] GET /api/version
[2026-04-07T15:12:23.964Z] [INFO] GET /api/trades
[2026-04-07T15:12:33.796Z] [INFO] GET /api/server-hash
[2026-04-07T15:12:43.793Z] [INFO] GET /api/server-hash
[2026-04-07T15:12:53.790Z] [INFO] GET /api/server-hash
[2026-04-07T15:13:03.795Z] [INFO] GET /api/server-hash
[2026-04-07T15:13:13.789Z] [INFO] GET /api/server-hash
[2026-04-07T15:13:23.801Z] [INFO] GET /api/server-hash
[2026-04-07T15:13:33.793Z] [INFO] GET /api/server-hash
[2026-04-07T15:13:43.789Z] [INFO] GET /api/server-hash
[2026-04-07T15:13:53.787Z] [INFO] GET /api/server-hash
[2026-04-07T15:14:03.789Z] [INFO] GET /api/server-hash
[2026-04-07T15:14:13.787Z] [INFO] GET /api/server-hash
[2026-04-07T15:14:23.795Z] [INFO] GET /api/server-hash
[2026-04-07T15:14:33.789Z] [INFO] GET /api/server-hash
[2026-04-07T15:14:43.791Z] [INFO] GET /api/server-hash
[2026-04-07T15:14:53.786Z] [INFO] GET /api/server-hash
[2026-04-07T15:15:03.791Z] [INFO] GET /api/server-hash
[2026-04-07T15:15:13.791Z] [INFO] GET /api/server-hash
[2026-04-07T15:15:23.798Z] [INFO] GET /api/server-hash
[2026-04-07T15:15:33.799Z] [INFO] GET /api/server-hash
[2026-04-07T15:15:43.789Z] [INFO] GET /api/server-hash
[2026-04-07T15:15:53.796Z] [INFO] GET /api/server-hash
[2026-04-07T15:16:03.792Z] [INFO] GET /api/server-hash
[2026-04-07T15:16:13.791Z] [INFO] GET /api/server-hash
[2026-04-07T15:16:23.786Z] [INFO] GET /api/server-hash
[2026-04-07T15:16:33.788Z] [INFO] GET /api/server-hash
[2026-04-07T15:16:43.789Z] [INFO] GET /api/server-hash
[2026-04-07T15:16:53.792Z] [INFO] GET /api/server-hash
[2026-04-07T15:17:03.786Z] [INFO] GET /api/server-hash
[2026-04-07T15:17:13.787Z] [INFO] GET /api/server-hash
[2026-04-07T15:17:23.800Z] [INFO] GET /api/server-hash
[2026-04-07T15:17:33.794Z] [INFO] GET /api/server-hash
[2026-04-07T15:17:43.801Z] [INFO] GET /api/server-hash
[2026-04-07T15:17:53.790Z] [INFO] GET /api/server-hash
[2026-04-07T15:18:03.793Z] [INFO] GET /api/server-hash
[2026-04-07T15:18:13.792Z] [INFO] GET /api/server-hash
[2026-04-07T15:18:23.795Z] [INFO] GET /api/server-hash
[2026-04-07T15:18:33.787Z] [INFO] GET /api/server-hash
[2026-04-07T15:18:43.792Z] [INFO] GET /api/server-hash
[2026-04-07T15:18:53.797Z] [INFO] GET /api/server-hash
[2026-04-07T15:19:03.786Z] [INFO] GET /api/server-hash
[2026-04-07T15:19:13.800Z] [INFO] GET /api/server-hash
[2026-04-07T15:19:23.793Z] [INFO] GET /api/server-hash
[2026-04-07T15:19:33.794Z] [INFO] GET /api/server-hash
[2026-04-07T15:19:43.797Z] [INFO] GET /api/server-hash
[2026-04-07T15:19:53.798Z] [INFO] GET /api/server-hash
[2026-04-07T15:20:03.800Z] [INFO] GET /api/server-hash
[2026-04-07T15:20:13.787Z] [INFO] GET /api/server-hash
[2026-04-07T15:20:23.796Z] [INFO] GET /api/server-hash
[2026-04-07T15:20:33.786Z] [INFO] GET /api/server-hash
[2026-04-07T15:20:43.795Z] [INFO] GET /api/server-hash
[2026-04-07T15:20:53.800Z] [INFO] GET /api/server-hash
[2026-04-07T15:21:03.789Z] [INFO] GET /api/server-hash
[2026-04-07T15:21:13.799Z] [INFO] GET /api/server-hash
[2026-04-07T15:21:23.790Z] [INFO] GET /api/server-hash
[2026-04-07T15:21:33.791Z] [INFO] GET /api/server-hash
[2026-04-07T15:21:43.795Z] [INFO] GET /api/server-hash
[2026-04-07T15:21:53.802Z] [INFO] GET /api/server-hash
[2026-04-07T15:22:03.785Z] [INFO] GET /api/server-hash
[2026-04-07T15:22:13.794Z] [INFO] GET /api/server-hash
[2026-04-07T15:22:23.794Z] [INFO] GET /api/server-hash
[2026-04-07T15:22:33.799Z] [INFO] GET /api/server-hash
[2026-04-07T15:22:43.791Z] [INFO] GET /api/server-hash
[2026-04-07T15:22:53.794Z] [INFO] GET /api/server-hash
[2026-04-07T15:23:03.786Z] [INFO] GET /api/server-hash
[2026-04-07T15:23:13.794Z] [INFO] GET /api/server-hash
[2026-04-07T15:23:23.795Z] [INFO] GET /api/server-hash
[2026-04-07T15:23:33.798Z] [INFO] GET /api/server-hash
[2026-04-07T15:23:43.799Z] [INFO] GET /api/server-hash
[2026-04-07T15:23:53.797Z] [INFO] GET /api/server-hash
[2026-04-07T15:24:03.797Z] [INFO] GET /api/server-hash
[2026-04-07T15:24:13.797Z] [INFO] GET /api/server-hash
[2026-04-07T15:24:23.802Z] [INFO] GET /api/server-hash
[2026-04-07T15:24:33.800Z] [INFO] GET /api/server-hash
[2026-04-07T15:24:43.797Z] [INFO] GET /api/server-hash
[2026-04-07T15:24:53.790Z] [INFO] GET /api/server-hash
[2026-04-07T15:25:03.800Z] [INFO] GET /api/server-hash
[2026-04-07T15:25:13.793Z] [INFO] GET /api/server-hash
[2026-04-07T15:25:23.796Z] [INFO] GET /api/server-hash
[2026-04-07T15:25:33.802Z] [INFO] GET /api/server-hash
[2026-04-07T15:25:43.801Z] [INFO] GET /api/server-hash
[2026-04-07T15:25:53.791Z] [INFO] GET /api/server-hash
[2026-04-07T15:26:03.795Z] [INFO] GET /api/server-hash
[2026-04-07T15:26:13.793Z] [INFO] GET /api/server-hash
[2026-04-07T15:26:23.792Z] [INFO] GET /api/server-hash
[2026-04-07T15:26:33.798Z] [INFO] GET /api/server-hash
[2026-04-07T15:26:43.796Z] [INFO] GET /api/server-hash
[2026-04-07T15:26:53.797Z] [INFO] GET /api/server-hash
[2026-04-07T15:27:03.790Z] [INFO] GET /api/server-hash
[2026-04-07T15:27:13.800Z] [INFO] GET /api/server-hash
[2026-04-07T15:27:23.792Z] [INFO] GET /api/server-hash
[2026-04-07T15:27:33.796Z] [INFO] GET /api/server-hash
[2026-04-07T15:27:43.799Z] [INFO] GET /api/server-hash
[2026-04-07T15:27:53.798Z] [INFO] GET /api/server-hash
[2026-04-07T15:28:03.789Z] [INFO] GET /api/server-hash
[2026-04-07T15:28:13.795Z] [INFO] GET /api/server-hash
[2026-04-07T15:28:23.788Z] [INFO] GET /api/server-hash
[2026-04-07T15:28:33.790Z] [INFO] GET /api/server-hash
[2026-04-07T15:28:43.792Z] [INFO] GET /api/server-hash
[2026-04-07T15:28:53.796Z] [INFO] GET /api/server-hash
[2026-04-07T15:29:03.800Z] [INFO] GET /api/server-hash
[2026-04-07T15:29:13.789Z] [INFO] GET /api/server-hash
[2026-04-07T15:29:23.791Z] [INFO] GET /api/server-hash
[2026-04-07T15:29:33.803Z] [INFO] GET /api/server-hash
[2026-04-07T15:29:43.790Z] [INFO] GET /api/server-hash
[2026-04-07T15:29:53.796Z] [INFO] GET /api/server-hash
[2026-04-07T15:30:03.784Z] [INFO] GET /api/server-hash
[2026-04-07T15:30:13.794Z] [INFO] GET /api/server-hash
[2026-04-07T15:30:23.786Z] [INFO] GET /api/server-hash
[2026-04-07T15:30:33.788Z] [INFO] GET /api/server-hash
[2026-04-07T15:30:43.785Z] [INFO] GET /api/server-hash
[2026-04-07T15:30:53.780Z] [INFO] GET /api/server-hash
[2026-04-07T15:31:03.796Z] [INFO] GET /api/server-hash
[2026-04-07T15:31:13.781Z] [INFO] GET /api/server-hash
[2026-04-07T15:31:23.795Z] [INFO] GET /api/server-hash
[2026-04-07T15:31:33.781Z] [INFO] GET /api/server-hash
[2026-04-07T15:31:43.794Z] [INFO] GET /api/server-hash
[2026-04-07T15:31:53.781Z] [INFO] GET /api/server-hash
[2026-04-07T15:32:03.792Z] [INFO] GET /api/server-hash
[2026-04-07T15:32:13.794Z] [INFO] GET /api/server-hash
[2026-04-07T15:32:23.787Z] [INFO] GET /api/server-hash
[2026-04-07T15:32:33.787Z] [INFO] GET /api/server-hash
[2026-04-07T15:32:43.796Z] [INFO] GET /api/server-hash
[2026-04-07T15:32:53.785Z] [INFO] GET /api/server-hash
[2026-04-07T15:33:03.797Z] [INFO] GET /api/server-hash
[2026-04-07T15:33:13.778Z] [INFO] GET /api/server-hash
[2026-04-07T15:33:23.799Z] [INFO] GET /api/server-hash
[2026-04-07T15:33:33.796Z] [INFO] GET /api/server-hash
[2026-04-07T15:33:43.787Z] [INFO] GET /api/server-hash
[2026-04-07T15:33:53.787Z] [INFO] GET /api/server-hash
[2026-04-07T15:34:03.787Z] [INFO] GET /api/server-hash
[2026-04-07T15:34:13.792Z] [INFO] GET /api/server-hash
[2026-04-07T15:34:23.795Z] [INFO] GET /api/server-hash
[2026-04-07T15:34:33.791Z] [INFO] GET /api/server-hash
[2026-04-07T15:34:43.787Z] [INFO] GET /api/server-hash
[2026-04-07T15:34:53.792Z] [INFO] GET /api/server-hash
[2026-04-07T15:35:03.791Z] [INFO] GET /api/server-hash
[2026-04-07T15:35:13.788Z] [INFO] GET /api/server-hash
[2026-04-07T15:35:23.790Z] [INFO] GET /api/server-hash
[2026-04-07T15:35:33.786Z] [INFO] GET /api/server-hash
[2026-04-07T15:35:43.788Z] [INFO] GET /api/server-hash
[2026-04-07T15:35:53.778Z] [INFO] GET /api/server-hash
[2026-04-07T15:36:03.784Z] [INFO] GET /api/server-hash
[2026-04-07T15:36:13.779Z] [INFO] GET /api/server-hash
[2026-04-07T15:36:23.780Z] [INFO] GET /api/server-hash
[2026-04-07T15:36:33.792Z] [INFO] GET /api/server-hash
[2026-04-07T15:36:43.781Z] [INFO] GET /api/server-hash
[2026-04-07T15:36:53.775Z] [INFO] GET /api/server-hash
[2026-04-07T15:37:03.789Z] [INFO] GET /api/server-hash
[2026-04-07T15:37:13.791Z] [INFO] GET /api/server-hash
[2026-04-07T15:37:23.785Z] [INFO] GET /api/server-hash
[2026-04-07T15:37:33.777Z] [INFO] GET /api/server-hash
[2026-04-07T15:37:43.795Z] [INFO] GET /api/server-hash
[2026-04-07T15:37:53.781Z] [INFO] GET /api/server-hash
[2026-04-07T15:38:03.787Z] [INFO] GET /api/server-hash
[2026-04-07T15:38:14.662Z] [INFO] GET /api/server-hash
[2026-04-07T15:38:24.665Z] [INFO] GET /api/server-hash
[2026-04-07T15:38:34.659Z] [INFO] GET /api/server-hash
[2026-04-07T15:38:44.675Z] [INFO] GET /api/server-hash
[2026-04-07T15:38:54.675Z] [INFO] GET /api/server-hash
[2026-04-07T15:39:04.665Z] [INFO] GET /api/server-hash
[2026-04-07T15:39:14.668Z] [INFO] GET /api/server-hash
[2026-04-07T15:39:40.665Z] [INFO] GET /api/server-hash
[2026-04-07T15:40:40.673Z] [INFO] GET /api/server-hash
[2026-04-07T15:41:40.666Z] [INFO] GET /api/server-hash
[2026-04-07T15:42:40.673Z] [INFO] GET /api/server-hash
[2026-04-07T15:42:51.949Z] [INFO] GET /api/server-hash
[2026-04-07T15:42:53.795Z] [INFO] GET /api/server-hash
[2026-04-07T16:00:20.297Z] [INFO] Server starting | {"pid":46480,"node":"v24.14.0","cwd":"C:\\Dev\\Personal\\ANAF\\D212TaxHelper"}
[2026-04-07T16:00:20.303Z] [INFO] Server started | {"port":3000,"url":"http://localhost:3000"}
[2026-04-07T16:00:20.508Z] [INFO] GET /api/server-hash
[2026-04-07T16:00:20.617Z] [INFO] GET /api/data
[2026-04-07T16:00:20.618Z] [INFO] GET /api/tax-rates
[2026-04-07T16:00:20.620Z] [INFO] GET /api/stock-withholding
[2026-04-07T16:00:20.663Z] [INFO] GET /api/version
[2026-04-07T16:00:20.705Z] [INFO] GET /api/trades
[2026-04-07T16:00:30.517Z] [INFO] GET /api/server-hash
[2026-04-07T16:00:40.663Z] [INFO] GET /api/server-hash
[2026-04-07T16:00:50.662Z] [INFO] GET /api/server-hash
[2026-04-07T16:01:00.664Z] [INFO] GET /api/server-hash
[2026-04-07T16:01:10.670Z] [INFO] GET /api/server-hash
[2026-04-07T16:01:20.670Z] [INFO] GET /api/server-hash
[2026-04-07T16:01:30.664Z] [INFO] GET /api/server-hash
[2026-04-07T16:01:40.671Z] [INFO] GET /api/server-hash
[2026-04-07T16:02:40.665Z] [INFO] GET /api/server-hash
[2026-04-07T16:03:40.665Z] [INFO] GET /api/server-hash
[2026-04-07T16:04:40.664Z] [INFO] GET /api/server-hash
[2026-04-07T16:05:40.663Z] [INFO] GET /api/server-hash
